[rospy.client][INFO] 2020-01-31 10:10:34,644: init_node, name[/ur_driver], pid[10059]
[xmlrpc][INFO] 2020-01-31 10:10:34,644: XML-RPC server binding to 0.0.0.0:0
[xmlrpc][INFO] 2020-01-31 10:10:34,645: Started XML-RPC server [http://rachel-Latitude-5480:36629/]
[rospy.init][INFO] 2020-01-31 10:10:34,645: ROS Slave URI: [http://rachel-Latitude-5480:36629/]
[rospy.impl.masterslave][INFO] 2020-01-31 10:10:34,645: _ready: http://rachel-Latitude-5480:36629/
[rospy.registration][INFO] 2020-01-31 10:10:34,645: Registering with master node http://localhost:11311
[xmlrpc][INFO] 2020-01-31 10:10:34,646: xml rpc node: starting XML-RPC server
[rospy.init][INFO] 2020-01-31 10:10:34,745: registered with master
[rospy.rosout][INFO] 2020-01-31 10:10:34,745: initializing /rosout core topic
[rospy.rosout][INFO] 2020-01-31 10:10:34,751: connected to core topic /rosout
[rospy.simtime][INFO] 2020-01-31 10:10:34,752: initializing /clock core topic
[rospy.simtime][INFO] 2020-01-31 10:10:34,755: connected to core topic /clock
[rospy.internal][INFO] 2020-01-31 10:10:35,162: topic[/clock] adding connection to [http://rachel-Latitude-5480:36629/], count 0
[rospy.internal][INFO] 2020-01-31 10:10:35,173: topic[/rosout] adding connection to [/rosout], count 0
[rospy.internal][INFO] 2020-01-31 10:10:35,614: topic[/clock] adding connection to [/ur_driver], count 0
[rospy.client][INFO] 2020-01-31 10:29:25,681: init_node, name[/ur_driver], pid[10757]
[xmlrpc][INFO] 2020-01-31 10:29:25,682: XML-RPC server binding to 0.0.0.0:0
[xmlrpc][INFO] 2020-01-31 10:29:25,683: Started XML-RPC server [http://rachel-Latitude-5480:38733/]
[rospy.init][INFO] 2020-01-31 10:29:25,683: ROS Slave URI: [http://rachel-Latitude-5480:38733/]
[rospy.impl.masterslave][INFO] 2020-01-31 10:29:25,683: _ready: http://rachel-Latitude-5480:38733/
[rospy.registration][INFO] 2020-01-31 10:29:25,684: Registering with master node http://localhost:11311
[xmlrpc][INFO] 2020-01-31 10:29:25,684: xml rpc node: starting XML-RPC server
[rospy.init][INFO] 2020-01-31 10:29:25,783: registered with master
[rospy.rosout][INFO] 2020-01-31 10:29:25,784: initializing /rosout core topic
[rospy.rosout][INFO] 2020-01-31 10:29:25,792: connected to core topic /rosout
[rospy.simtime][INFO] 2020-01-31 10:29:25,794: initializing /clock core topic
[rospy.simtime][INFO] 2020-01-31 10:29:25,800: connected to core topic /clock
[rospy.internal][INFO] 2020-01-31 10:29:26,248: topic[/rosout] adding connection to [/rosout], count 0
[rospy.internal][INFO] 2020-01-31 10:29:26,411: topic[/clock] adding connection to [http://rachel-Latitude-5480:38733/], count 0
[rospy.internal][INFO] 2020-01-31 10:29:26,940: topic[/clock] adding connection to [/ur_driver], count 0
[rospy.internal][INFO] 2020-01-31 10:29:40,785: topic[/clock] adding connection to [/robot_state_publisher], count 1
[rospy.internal][INFO] 2020-01-31 10:29:40,849: topic[/joint_states] adding connection to [/robot_state_publisher], count 0
[rospy.internal][INFO] 2020-01-31 10:30:59,497: topic[/clock] adding connection to [/move_group], count 2
[rospy.internal][INFO] 2020-01-31 10:30:59,858: topic[/joint_states] adding connection to [/move_group], count 1
[rospy.internal][INFO] 2020-01-31 10:30:59,904: topic[/follow_joint_trajectory/cancel] adding connection to [http://rachel-Latitude-5480:45671/], count 0
[rospy.internal][INFO] 2020-01-31 10:30:59,905: topic[/follow_joint_trajectory/goal] adding connection to [http://rachel-Latitude-5480:45671/], count 0
[rospy.internal][INFO] 2020-01-31 10:30:59,915: topic[/follow_joint_trajectory/status] adding connection to [/move_group], count 0
[rospy.internal][INFO] 2020-01-31 10:30:59,984: topic[/follow_joint_trajectory/feedback] adding connection to [/move_group], count 0
[rospy.internal][INFO] 2020-01-31 10:30:59,992: topic[/follow_joint_trajectory/result] adding connection to [/move_group], count 0
[rospy.internal][INFO] 2020-01-31 10:31:09,137: topic[/clock] adding connection to [/rviz_rachel_Latitude_5480_10965_5543389634838960984], count 3
[rospy.internal][INFO] 2020-01-31 10:31:35,754: topic[/clock] removing connection to /rviz_rachel_Latitude_5480_10965_5543389634838960984
[rospy.internal][INFO] 2020-01-31 10:31:44,528: topic[/clock] adding connection to [/rviz_rachel_Latitude_5480_11074_4221235906857217771], count 3
[rospy.internal][INFO] 2020-01-31 10:33:40,357: topic[/clock] removing connection to /rviz_rachel_Latitude_5480_11074_4221235906857217771
[rospy.internal][INFO] 2020-01-31 10:34:31,449: topic[/joint_states] removing connection to /move_group
[rospy.internal][INFO] 2020-01-31 10:34:31,464: topic[/clock] removing connection to /move_group
[rospy.internal][WARNING] 2020-01-31 10:34:31,547: Unknown error initiating TCP/IP socket to rachel-Latitude-5480:58437 (http://rachel-Latitude-5480:45671/): Traceback (most recent call last):
  File "/usr/local/webots/projects/languages/ros/controllers/ros_python/kinetic/dist-packages/rospy/impl/tcpros_base.py", line 557, in connect
    self.read_header()
  File "/usr/local/webots/projects/languages/ros/controllers/ros_python/kinetic/dist-packages/rospy/impl/tcpros_base.py", line 650, in read_header
    self._validate_header(read_ros_handshake_header(sock, self.read_buff, self.protocol.buff_size))
  File "/usr/local/webots/projects/languages/ros/controllers/ros_python/kinetic/dist-packages/rosgraph/network.py", line 362, in read_ros_handshake_header
    d = sock.recv(buff_size)
error: [Errno 104] Connection reset by peer

[rospy.internal][WARNING] 2020-01-31 10:34:31,559: Unknown error initiating TCP/IP socket to rachel-Latitude-5480:58437 (http://rachel-Latitude-5480:45671/): Traceback (most recent call last):
  File "/usr/local/webots/projects/languages/ros/controllers/ros_python/kinetic/dist-packages/rospy/impl/tcpros_base.py", line 557, in connect
    self.read_header()
  File "/usr/local/webots/projects/languages/ros/controllers/ros_python/kinetic/dist-packages/rospy/impl/tcpros_base.py", line 650, in read_header
    self._validate_header(read_ros_handshake_header(sock, self.read_buff, self.protocol.buff_size))
  File "/usr/local/webots/projects/languages/ros/controllers/ros_python/kinetic/dist-packages/rosgraph/network.py", line 362, in read_ros_handshake_header
    d = sock.recv(buff_size)
error: [Errno 104] Connection reset by peer

[rospy.internal][INFO] 2020-01-31 10:34:31,561: topic[/follow_joint_trajectory/goal] removing connection to http://rachel-Latitude-5480:45671/
[rospy.internal][INFO] 2020-01-31 10:34:31,562: topic[/follow_joint_trajectory/cancel] removing connection to http://rachel-Latitude-5480:45671/
[rospy.internal][INFO] 2020-01-31 10:34:31,647: topic[/follow_joint_trajectory/status] removing connection to /move_group
[rospy.internal][INFO] 2020-01-31 10:34:31,664: topic[/follow_joint_trajectory/feedback] removing connection to /move_group
[rospy.internal][INFO] 2020-01-31 10:34:31,681: topic[/follow_joint_trajectory/result] removing connection to /move_group
[rospy.internal][INFO] 2020-01-31 10:34:38,805: topic[/joint_states] removing connection to /robot_state_publisher
[rospy.internal][INFO] 2020-01-31 10:34:38,806: topic[/clock] removing connection to /robot_state_publisher
[rospy.internal][INFO] 2020-01-31 10:49:55,276: topic[/clock] adding connection to [/robot_state_publisher], count 1
[rospy.internal][INFO] 2020-01-31 10:49:55,342: topic[/joint_states] adding connection to [/robot_state_publisher], count 0
[rospy.internal][INFO] 2020-01-31 10:49:55,892: topic[/clock] adding connection to [/move_group], count 2
[rospy.internal][INFO] 2020-01-31 10:50:00,050: topic[/joint_states] adding connection to [/move_group], count 1
[rospy.internal][INFO] 2020-01-31 10:50:00,075: topic[/clock] adding connection to [/gazebo], count 3
[rospy.internal][INFO] 2020-01-31 10:50:00,079: topic[/clock] adding connection to [/gazebo_gui], count 4
[rospy.internal][INFO] 2020-01-31 10:50:03,905: topic[/clock] adding connection to [http://rachel-Latitude-5480:33247/], count 1
[rosout][ERROR] 2020-01-31 10:50:03,982: ROS time moved backwards: 353.545s
[rosout][ERROR] 2020-01-31 10:50:04,106: ROS time moved backwards: 353.507s
[rosout][ERROR] 2020-01-31 10:50:04,531: ROS time moved backwards: 353.174s
[rosout][ERROR] 2020-01-31 10:50:04,568: ROS time moved backwards: 353.186s
[rosout][ERROR] 2020-01-31 10:50:04,583: ROS time moved backwards: 353.23s
[rosout][ERROR] 2020-01-31 10:50:04,646: ROS time moved backwards: 353.221s
[rosout][ERROR] 2020-01-31 10:50:06,719: ROS time moved backwards: 351.727s
[rosout][ERROR] 2020-01-31 10:50:06,810: ROS time moved backwards: 351.225s
[rosout][ERROR] 2020-01-31 10:50:06,835: ROS time moved backwards: 351.238s
[rosout][ERROR] 2020-01-31 10:50:06,935: ROS time moved backwards: 351.226s
[rosout][ERROR] 2020-01-31 10:50:07,177: ROS time moved backwards: 351.078s
[rosout][ERROR] 2020-01-31 10:50:08,076: ROS time moved backwards: 350.289s
[rosout][ERROR] 2020-01-31 10:50:09,855: ROS time moved backwards: 348.6s
[rosout][ERROR] 2020-01-31 10:50:10,422: ROS time moved backwards: 348.562s
[rosout][ERROR] 2020-01-31 10:50:11,042: ROS time moved backwards: 347.646s
[rosout][ERROR] 2020-01-31 10:50:11,260: ROS time moved backwards: 347.53s
[rosout][ERROR] 2020-01-31 10:50:11,476: ROS time moved backwards: 347.364s
[rosout][ERROR] 2020-01-31 10:50:11,578: ROS time moved backwards: 347.328s
[rosout][ERROR] 2020-01-31 10:50:11,624: ROS time moved backwards: 347.468s
[rosout][ERROR] 2020-01-31 10:50:11,682: ROS time moved backwards: 347.477s
[rosout][ERROR] 2020-01-31 10:50:11,721: ROS time moved backwards: 347.508s
[rosout][ERROR] 2020-01-31 10:50:11,821: ROS time moved backwards: 347.451s
[rosout][ERROR] 2020-01-31 10:50:12,787: ROS time moved backwards: 347.5s
[rosout][ERROR] 2020-01-31 10:50:13,781: ROS time moved backwards: 345.655s
[rosout][ERROR] 2020-01-31 10:50:14,616: ROS time moved backwards: 344.955s
[rosout][ERROR] 2020-01-31 10:50:16,291: ROS time moved backwards: 343.486s
[rosout][ERROR] 2020-01-31 10:50:16,423: ROS time moved backwards: 343.515s
[rosout][ERROR] 2020-01-31 10:50:17,172: ROS time moved backwards: 342.725s
[rosout][ERROR] 2020-01-31 10:50:17,679: ROS time moved backwards: 342.449s
[rosout][ERROR] 2020-01-31 10:50:17,686: ROS time moved backwards: 342.48s
[rosout][ERROR] 2020-01-31 10:50:17,781: ROS time moved backwards: 342.482s
[rosout][ERROR] 2020-01-31 10:50:18,253: ROS time moved backwards: 342.324s
[rosout][ERROR] 2020-01-31 10:50:18,758: ROS time moved backwards: 341.995s
[rosout][ERROR] 2020-01-31 10:50:19,314: ROS time moved backwards: 341.532s
[rosout][ERROR] 2020-01-31 10:50:19,328: ROS time moved backwards: 341.018s
[rosout][ERROR] 2020-01-31 10:50:19,553: ROS time moved backwards: 341.031s
[rosout][ERROR] 2020-01-31 10:50:20,124: ROS time moved backwards: 340.615s
[rosout][ERROR] 2020-01-31 10:50:20,346: ROS time moved backwards: 340.165s
[rosout][ERROR] 2020-01-31 10:50:23,692: ROS time moved backwards: 337.031s
[rosout][ERROR] 2020-01-31 10:50:24,612: ROS time moved backwards: 336.14s
[rosout][ERROR] 2020-01-31 10:50:24,667: ROS time moved backwards: 336.165s
[rosout][ERROR] 2020-01-31 10:50:24,706: ROS time moved backwards: 336.192s
[rosout][ERROR] 2020-01-31 10:50:24,721: ROS time moved backwards: 336.228s
[rospy.internal][INFO] 2020-01-31 10:50:25,984: topic[/joint_states] removing connection to /robot_state_publisher
[rospy.internal][INFO] 2020-01-31 10:50:25,985: topic[/joint_states] removing connection to /move_group
[rospy.internal][INFO] 2020-01-31 10:50:25,988: topic[/clock] removing connection to /robot_state_publisher
[rospy.internal][INFO] 2020-01-31 10:50:25,988: topic[/clock] removing connection to /move_group
[rospy.internal][INFO] 2020-01-31 10:50:25,988: topic[/clock] removing connection to /gazebo
[rospy.internal][WARNING] 2020-01-31 10:50:26,110: Unknown error initiating TCP/IP socket to rachel-Latitude-5480:57365 (http://rachel-Latitude-5480:33247/): Traceback (most recent call last):
  File "/usr/local/webots/projects/languages/ros/controllers/ros_python/kinetic/dist-packages/rospy/impl/tcpros_base.py", line 555, in connect
    self.socket.connect((dest_addr, dest_port))
  File "/usr/lib/python2.7/socket.py", line 228, in meth
    return getattr(self._sock,name)(*args)
error: [Errno 111] Connection refused

[rospy.internal][INFO] 2020-01-31 10:50:26,117: topic[/clock] removing connection to http://rachel-Latitude-5480:33247/
[rospy.internal][INFO] 2020-01-31 10:50:40,100: topic[/clock] removing connection to /gazebo_gui
[rospy.client][INFO] 2020-01-31 10:55:02,687: init_node, name[/ur_driver], pid[13048]
[xmlrpc][INFO] 2020-01-31 10:55:02,688: XML-RPC server binding to 0.0.0.0:0
[xmlrpc][INFO] 2020-01-31 10:55:02,688: Started XML-RPC server [http://rachel-Latitude-5480:35987/]
[rospy.init][INFO] 2020-01-31 10:55:02,688: ROS Slave URI: [http://rachel-Latitude-5480:35987/]
[rospy.impl.masterslave][INFO] 2020-01-31 10:55:02,688: _ready: http://rachel-Latitude-5480:35987/
[rospy.registration][INFO] 2020-01-31 10:55:02,689: Registering with master node http://localhost:11311
[xmlrpc][INFO] 2020-01-31 10:55:02,689: xml rpc node: starting XML-RPC server
[rospy.init][INFO] 2020-01-31 10:55:02,789: registered with master
[rospy.rosout][INFO] 2020-01-31 10:55:02,789: initializing /rosout core topic
[rospy.rosout][INFO] 2020-01-31 10:55:02,797: connected to core topic /rosout
[rospy.simtime][INFO] 2020-01-31 10:55:02,800: initializing /clock core topic
[rospy.simtime][INFO] 2020-01-31 10:55:02,806: connected to core topic /clock
[rospy.internal][INFO] 2020-01-31 10:55:03,160: topic[/rosout] adding connection to [/rosout], count 0
[rospy.internal][INFO] 2020-01-31 10:55:03,222: topic[/clock] adding connection to [http://rachel-Latitude-5480:35987/], count 0
[rospy.internal][INFO] 2020-01-31 10:55:03,823: topic[/clock] adding connection to [/ur_driver], count 0
[rospy.internal][INFO] 2020-01-31 10:55:12,990: topic[/clock] adding connection to [/robot_state_publisher], count 1
[rospy.internal][INFO] 2020-01-31 10:55:13,142: topic[/joint_states] adding connection to [/robot_state_publisher], count 0
[rospy.internal][INFO] 2020-01-31 10:55:13,252: topic[/clock] adding connection to [/move_group], count 2
[rospy.internal][INFO] 2020-01-31 10:55:14,837: topic[/joint_states] adding connection to [/move_group], count 1
[rospy.internal][INFO] 2020-01-31 10:55:26,415: topic[/clock] removing connection to /move_group
[rospy.internal][INFO] 2020-01-31 10:55:26,415: topic[/joint_states] removing connection to /move_group
[rospy.internal][INFO] 2020-01-31 10:55:26,476: topic[/joint_states] removing connection to /robot_state_publisher
[rospy.internal][INFO] 2020-01-31 10:55:26,496: topic[/clock] removing connection to /robot_state_publisher
[rospy.internal][INFO] 2020-01-31 10:55:43,101: topic[/clock] adding connection to [/robot_state_publisher], count 1
[rospy.internal][INFO] 2020-01-31 10:55:43,132: topic[/joint_states] adding connection to [/robot_state_publisher], count 0
[rospy.internal][INFO] 2020-01-31 10:55:43,180: topic[/clock] adding connection to [/move_group], count 2
[rospy.internal][INFO] 2020-01-31 10:55:44,715: topic[/joint_states] adding connection to [/move_group], count 1
[rospy.internal][INFO] 2020-01-31 10:56:39,741: topic[/clock] adding connection to [/rviz_rachel_Latitude_5480_13322_6493293380448881942], count 3
[rospy.internal][INFO] 2020-01-31 10:57:33,121: topic[/clock] removing connection to /rviz_rachel_Latitude_5480_13322_6493293380448881942
[rospy.internal][INFO] 2020-01-31 10:58:19,552: topic[/clock] adding connection to [/rqt_gui_py_node_13427], count 3
[rospy.internal][INFO] 2020-01-31 10:59:38,442: topic[/clock] removing connection to /robot_state_publisher
[rospy.internal][INFO] 2020-01-31 10:59:38,479: topic[/joint_states] removing connection to /robot_state_publisher
[rospy.internal][INFO] 2020-01-31 10:59:38,554: topic[/joint_states] removing connection to /move_group
[rospy.internal][INFO] 2020-01-31 10:59:38,556: topic[/clock] removing connection to /move_group
[rospy.internal][INFO] 2020-01-31 10:59:45,698: topic[/clock] adding connection to [/robot_state_publisher], count 2
[rospy.internal][INFO] 2020-01-31 10:59:45,720: topic[/joint_states] adding connection to [/robot_state_publisher], count 0
[rospy.internal][INFO] 2020-01-31 11:00:08,514: topic[/clock] removing connection to /rqt_gui_py_node_13427
[rospy.internal][INFO] 2020-01-31 11:00:26,095: topic[/clock] adding connection to [/rviz_rachel_Latitude_5480_13569_3234718799790635674], count 2
[rospy.internal][INFO] 2020-01-31 11:01:08,143: topic[/clock] adding connection to [/move_group], count 3
[rospy.internal][INFO] 2020-01-31 11:01:08,476: topic[/joint_states] adding connection to [/move_group], count 1
[rospy.internal][INFO] 2020-01-31 11:01:08,606: topic[/follow_joint_trajectory/cancel] adding connection to [http://rachel-Latitude-5480:33683/], count 0
[rospy.internal][INFO] 2020-01-31 11:01:08,627: topic[/follow_joint_trajectory/goal] adding connection to [http://rachel-Latitude-5480:33683/], count 0
[rospy.internal][INFO] 2020-01-31 11:01:08,756: topic[/follow_joint_trajectory/status] adding connection to [/move_group], count 0
[rospy.internal][INFO] 2020-01-31 11:01:08,793: topic[/follow_joint_trajectory/feedback] adding connection to [/move_group], count 0
[rospy.internal][INFO] 2020-01-31 11:01:08,794: topic[/follow_joint_trajectory/result] adding connection to [/move_group], count 0
[rospy.internal][INFO] 2020-01-31 11:01:22,732: topic[/clock] adding connection to [/rqt_gui_py_node_13742], count 4
[rospy.internal][INFO] 2020-01-31 11:04:42,732: topic[/clock] removing connection to /rviz_rachel_Latitude_5480_13569_3234718799790635674
[rospy.internal][INFO] 2020-01-31 11:04:45,639: topic[/joint_states] removing connection to /robot_state_publisher
[rospy.internal][INFO] 2020-01-31 11:04:45,642: topic[/clock] removing connection to /robot_state_publisher
[rospy.internal][INFO] 2020-01-31 11:04:46,550: topic[/clock] removing connection to /move_group
[rospy.internal][INFO] 2020-01-31 11:04:46,554: topic[/joint_states] removing connection to /move_group
[rospy.internal][INFO] 2020-01-31 11:04:46,665: topic[/follow_joint_trajectory/feedback] removing connection to /move_group
[rospy.internal][INFO] 2020-01-31 11:04:46,669: topic[/follow_joint_trajectory/result] removing connection to /move_group
[rospy.internal][WARNING] 2020-01-31 11:04:46,684: Unknown error initiating TCP/IP socket to rachel-Latitude-5480:42449 (http://rachel-Latitude-5480:33683/): Traceback (most recent call last):
  File "/usr/local/webots/projects/languages/ros/controllers/ros_python/kinetic/dist-packages/rospy/impl/tcpros_base.py", line 557, in connect
    self.read_header()
  File "/usr/local/webots/projects/languages/ros/controllers/ros_python/kinetic/dist-packages/rospy/impl/tcpros_base.py", line 650, in read_header
    self._validate_header(read_ros_handshake_header(sock, self.read_buff, self.protocol.buff_size))
  File "/usr/local/webots/projects/languages/ros/controllers/ros_python/kinetic/dist-packages/rosgraph/network.py", line 362, in read_ros_handshake_header
    d = sock.recv(buff_size)
error: [Errno 104] Connection reset by peer

[rospy.internal][INFO] 2020-01-31 11:04:46,684: topic[/follow_joint_trajectory/status] removing connection to /move_group
[rospy.internal][WARNING] 2020-01-31 11:04:46,683: Unknown error initiating TCP/IP socket to rachel-Latitude-5480:42449 (http://rachel-Latitude-5480:33683/): Traceback (most recent call last):
  File "/usr/local/webots/projects/languages/ros/controllers/ros_python/kinetic/dist-packages/rospy/impl/tcpros_base.py", line 557, in connect
    self.read_header()
  File "/usr/local/webots/projects/languages/ros/controllers/ros_python/kinetic/dist-packages/rospy/impl/tcpros_base.py", line 650, in read_header
    self._validate_header(read_ros_handshake_header(sock, self.read_buff, self.protocol.buff_size))
  File "/usr/local/webots/projects/languages/ros/controllers/ros_python/kinetic/dist-packages/rosgraph/network.py", line 362, in read_ros_handshake_header
    d = sock.recv(buff_size)
error: [Errno 104] Connection reset by peer

[rospy.internal][INFO] 2020-01-31 11:04:46,702: topic[/follow_joint_trajectory/goal] removing connection to http://rachel-Latitude-5480:33683/
[rospy.internal][INFO] 2020-01-31 11:04:46,707: topic[/follow_joint_trajectory/cancel] removing connection to http://rachel-Latitude-5480:33683/
[rospy.client][INFO] 2020-01-31 15:43:29,450: init_node, name[/ur_driver], pid[2513]
[xmlrpc][INFO] 2020-01-31 15:43:29,451: XML-RPC server binding to 0.0.0.0:0
[xmlrpc][INFO] 2020-01-31 15:43:29,451: Started XML-RPC server [http://rachel-private:42207/]
[rospy.init][INFO] 2020-01-31 15:43:29,451: ROS Slave URI: [http://rachel-private:42207/]
[rospy.impl.masterslave][INFO] 2020-01-31 15:43:29,451: _ready: http://rachel-private:42207/
[rospy.registration][INFO] 2020-01-31 15:43:29,452: Registering with master node http://localhost:11311
[xmlrpc][INFO] 2020-01-31 15:43:29,452: xml rpc node: starting XML-RPC server
[rospy.init][INFO] 2020-01-31 15:43:29,552: registered with master
[rospy.rosout][INFO] 2020-01-31 15:43:29,552: initializing /rosout core topic
[rospy.registration][ERROR] 2020-01-31 15:43:29,556: [Errno 111] Connection refused
Unable to register with master node [http://localhost:11311]: master may not be running yet. Will keep trying.
[rospy.client][INFO] 2020-01-31 19:52:11,364: init_node, name[/ur_driver], pid[3981]
[xmlrpc][INFO] 2020-01-31 19:52:11,366: XML-RPC server binding to 0.0.0.0:0
[xmlrpc][INFO] 2020-01-31 19:52:11,368: Started XML-RPC server [http://rachel-private:42367/]
[rospy.init][INFO] 2020-01-31 19:52:11,369: ROS Slave URI: [http://rachel-private:42367/]
[rospy.impl.masterslave][INFO] 2020-01-31 19:52:11,369: _ready: http://rachel-private:42367/
[rospy.registration][INFO] 2020-01-31 19:52:11,371: Registering with master node http://localhost:11311
[xmlrpc][INFO] 2020-01-31 19:52:11,371: xml rpc node: starting XML-RPC server
[rospy.init][INFO] 2020-01-31 19:52:11,470: registered with master
[rospy.rosout][INFO] 2020-01-31 19:52:11,470: initializing /rosout core topic
[rospy.rosout][INFO] 2020-01-31 19:52:11,480: connected to core topic /rosout
[rospy.simtime][INFO] 2020-01-31 19:52:11,484: /use_sim_time is not set, will not subscribe to simulated time [/clock] topic
[rosout][WARNING] 2020-01-31 19:52:11,572: use_sim_time is not set!
[rospy.internal][INFO] 2020-01-31 19:52:11,850: topic[/rosout] adding connection to [/rosout], count 0
[rospy.client][INFO] 2020-01-31 20:14:39,352: init_node, name[/ur_driver], pid[2954]
[xmlrpc][INFO] 2020-01-31 20:14:39,353: XML-RPC server binding to 0.0.0.0:0
[xmlrpc][INFO] 2020-01-31 20:14:39,353: Started XML-RPC server [http://rachel-private:40127/]
[rospy.init][INFO] 2020-01-31 20:14:39,353: ROS Slave URI: [http://rachel-private:40127/]
[rospy.impl.masterslave][INFO] 2020-01-31 20:14:39,353: _ready: http://rachel-private:40127/
[rospy.registration][INFO] 2020-01-31 20:14:39,354: Registering with master node http://localhost:11311
[xmlrpc][INFO] 2020-01-31 20:14:39,354: xml rpc node: starting XML-RPC server
[rospy.init][INFO] 2020-01-31 20:14:39,454: registered with master
[rospy.rosout][INFO] 2020-01-31 20:14:39,454: initializing /rosout core topic
[rospy.registration][ERROR] 2020-01-31 20:14:39,460: [Errno 111] Connection refused
Unable to register with master node [http://localhost:11311]: master may not be running yet. Will keep trying.
[rospy.client][INFO] 2020-01-31 21:28:25,687: init_node, name[/ur_driver], pid[13986]
[xmlrpc][INFO] 2020-01-31 21:28:25,688: XML-RPC server binding to 0.0.0.0:0
[xmlrpc][INFO] 2020-01-31 21:28:25,688: Started XML-RPC server [http://rachel-private:43075/]
[rospy.init][INFO] 2020-01-31 21:28:25,688: ROS Slave URI: [http://rachel-private:43075/]
[rospy.impl.masterslave][INFO] 2020-01-31 21:28:25,688: _ready: http://rachel-private:43075/
[rospy.registration][INFO] 2020-01-31 21:28:25,689: Registering with master node http://localhost:11311
[xmlrpc][INFO] 2020-01-31 21:28:25,689: xml rpc node: starting XML-RPC server
[rospy.init][INFO] 2020-01-31 21:28:25,789: registered with master
[rospy.rosout][INFO] 2020-01-31 21:28:25,789: initializing /rosout core topic
[rospy.registration][ERROR] 2020-01-31 21:28:25,793: [Errno 111] Connection refused
Unable to register with master node [http://localhost:11311]: master may not be running yet. Will keep trying.
[rospy.client][INFO] 2020-01-31 22:03:52,488: init_node, name[/ur_driver], pid[23275]
[xmlrpc][INFO] 2020-01-31 22:03:52,493: XML-RPC server binding to 0.0.0.0:0
[xmlrpc][INFO] 2020-01-31 22:03:52,493: Started XML-RPC server [http://rachel-private:37545/]
[rospy.impl.masterslave][INFO] 2020-01-31 22:03:52,493: _ready: http://rachel-private:37545/
[rospy.init][INFO] 2020-01-31 22:03:52,493: ROS Slave URI: [http://rachel-private:37545/]
[rospy.registration][INFO] 2020-01-31 22:03:52,497: Registering with master node http://localhost:11311
[xmlrpc][INFO] 2020-01-31 22:03:52,497: xml rpc node: starting XML-RPC server
[rospy.init][INFO] 2020-01-31 22:03:52,594: registered with master
[rospy.rosout][INFO] 2020-01-31 22:03:52,594: initializing /rosout core topic
[rospy.registration][ERROR] 2020-01-31 22:03:52,598: [Errno 111] Connection refused
Unable to register with master node [http://localhost:11311]: master may not be running yet. Will keep trying.
[rospy.rosout][INFO] 2020-01-31 22:07:56,222: connected to core topic /rosout
[rospy.simtime][INFO] 2020-01-31 22:07:56,223: /use_sim_time is not set, will not subscribe to simulated time [/clock] topic
[rospy.rosout][INFO] 2020-01-31 22:07:56,270: connected to core topic /rosout
[rospy.simtime][INFO] 2020-01-31 22:07:56,274: initializing /clock core topic
[rospy.simtime][INFO] 2020-01-31 22:07:56,280: connected to core topic /clock
[rospy.core][INFO] 2020-01-31 22:07:56,290: signal_shutdown [atexit]
[rospy.impl.masterslave][INFO] 2020-01-31 22:07:56,292: atexit
[rospy.impl.masterslave][INFO] 2020-01-31 22:07:56,605: external shutdown request from [/master]: new node registered with same name
[rospy.core][INFO] 2020-01-31 22:07:56,605: signal_shutdown [external shutdown request from [/master]: [new node registered with same name]]
[rospy.core][INFO] 2020-01-31 22:07:57,061: signal_shutdown [atexit]
[rospy.client][INFO] 2020-01-31 22:10:58,211: init_node, name[/ur_driver], pid[26269]
[xmlrpc][INFO] 2020-01-31 22:10:58,212: XML-RPC server binding to 0.0.0.0:0
[xmlrpc][INFO] 2020-01-31 22:10:58,212: Started XML-RPC server [http://rachel-private:36083/]
[rospy.init][INFO] 2020-01-31 22:10:58,212: ROS Slave URI: [http://rachel-private:36083/]
[rospy.impl.masterslave][INFO] 2020-01-31 22:10:58,212: _ready: http://rachel-private:36083/
[rospy.registration][INFO] 2020-01-31 22:10:58,213: Registering with master node http://localhost:11311
[xmlrpc][INFO] 2020-01-31 22:10:58,213: xml rpc node: starting XML-RPC server
[rospy.init][INFO] 2020-01-31 22:10:58,313: registered with master
[rospy.rosout][INFO] 2020-01-31 22:10:58,313: initializing /rosout core topic
[rospy.registration][ERROR] 2020-01-31 22:10:58,316: [Errno 111] Connection refused
Unable to register with master node [http://localhost:11311]: master may not be running yet. Will keep trying.
[rospy.rosout][INFO] 2020-01-31 22:11:06,359: connected to core topic /rosout
[rospy.simtime][INFO] 2020-01-31 22:11:06,360: initializing /clock core topic
[rospy.simtime][INFO] 2020-01-31 22:11:06,363: connected to core topic /clock
[rospy.internal][INFO] 2020-01-31 22:11:06,827: topic[/rosout] adding connection to [/rosout], count 0
[rospy.internal][INFO] 2020-01-31 22:11:06,869: topic[/clock] adding connection to [http://rachel-private:36083/], count 0
[rospy.internal][INFO] 2020-01-31 22:11:07,034: topic[/joint_states] adding connection to [/robot_state_publisher], count 0
[rospy.internal][INFO] 2020-01-31 22:11:07,051: topic[/clock] adding connection to [/robot_state_publisher], count 0
[rospy.internal][INFO] 2020-01-31 22:11:07,080: topic[/clock] adding connection to [/rosout], count 1
[rospy.internal][INFO] 2020-01-31 22:11:07,082: topic[/clock] adding connection to [/ur_driver], count 2
[rospy.internal][INFO] 2020-01-31 22:11:20,534: topic[/clock] removing connection to /robot_state_publisher
[rospy.internal][INFO] 2020-01-31 22:11:20,565: topic[/joint_states] removing connection to /robot_state_publisher
[rospy.internal][INFO] 2020-01-31 22:11:20,670: topic[/clock] removing connection to /rosout
[rospy.internal][INFO] 2020-01-31 22:11:20,738: topic[/rosout] removing connection to /rosout
[rospy.client][INFO] 2020-01-31 22:11:45,875: init_node, name[/ur_driver], pid[26468]
[xmlrpc][INFO] 2020-01-31 22:11:45,875: XML-RPC server binding to 0.0.0.0:0
[xmlrpc][INFO] 2020-01-31 22:11:45,875: Started XML-RPC server [http://rachel-private:40091/]
[rospy.init][INFO] 2020-01-31 22:11:45,876: ROS Slave URI: [http://rachel-private:40091/]
[rospy.impl.masterslave][INFO] 2020-01-31 22:11:45,876: _ready: http://rachel-private:40091/
[rospy.registration][INFO] 2020-01-31 22:11:45,876: Registering with master node http://localhost:11311
[xmlrpc][INFO] 2020-01-31 22:11:45,876: xml rpc node: starting XML-RPC server
[rospy.init][INFO] 2020-01-31 22:11:45,976: registered with master
[rospy.rosout][INFO] 2020-01-31 22:11:45,977: initializing /rosout core topic
[rospy.registration][ERROR] 2020-01-31 22:11:45,980: [Errno 111] Connection refused
Unable to register with master node [http://localhost:11311]: master may not be running yet. Will keep trying.
[rospy.rosout][INFO] 2020-01-31 22:11:49,596: connected to core topic /rosout
[rospy.simtime][INFO] 2020-01-31 22:11:49,598: initializing /clock core topic
[rospy.simtime][INFO] 2020-01-31 22:11:49,601: connected to core topic /clock
[rospy.internal][INFO] 2020-01-31 22:11:50,161: topic[/joint_states] adding connection to [/robot_state_publisher], count 0
[rospy.internal][INFO] 2020-01-31 22:11:50,178: topic[/rosout] adding connection to [/rosout], count 0
[rospy.internal][INFO] 2020-01-31 22:11:50,229: topic[/clock] adding connection to [http://rachel-private:40091/], count 0
[rospy.internal][INFO] 2020-01-31 22:11:50,377: topic[/clock] adding connection to [/robot_state_publisher], count 0
[rospy.internal][INFO] 2020-01-31 22:11:50,410: topic[/clock] adding connection to [/rosout], count 1
[rospy.internal][INFO] 2020-01-31 22:11:50,469: topic[/clock] adding connection to [/ur_driver], count 2
[rospy.client][INFO] 2020-01-31 22:12:24,129: init_node, name[/ur_driver], pid[26556]
[xmlrpc][INFO] 2020-01-31 22:12:24,129: XML-RPC server binding to 0.0.0.0:0
[xmlrpc][INFO] 2020-01-31 22:12:24,129: Started XML-RPC server [http://rachel-private:45645/]
[rospy.init][INFO] 2020-01-31 22:12:24,129: ROS Slave URI: [http://rachel-private:45645/]
[rospy.impl.masterslave][INFO] 2020-01-31 22:12:24,129: _ready: http://rachel-private:45645/
[rospy.registration][INFO] 2020-01-31 22:12:24,130: Registering with master node http://localhost:11311
[xmlrpc][INFO] 2020-01-31 22:12:24,130: xml rpc node: starting XML-RPC server
[rospy.init][INFO] 2020-01-31 22:12:24,230: registered with master
[rospy.rosout][INFO] 2020-01-31 22:12:24,230: initializing /rosout core topic
[rospy.rosout][INFO] 2020-01-31 22:12:24,236: connected to core topic /rosout
[rospy.simtime][INFO] 2020-01-31 22:12:24,239: initializing /clock core topic
[rospy.simtime][INFO] 2020-01-31 22:12:24,245: connected to core topic /clock
[rospy.internal][INFO] 2020-01-31 22:12:24,553: topic[/clock] adding connection to [http://rachel-private:45645/], count 0
[rospy.internal][INFO] 2020-01-31 22:12:24,617: topic[/clock] adding connection to [/robot_state_publisher], count 0
[rospy.internal][INFO] 2020-01-31 22:12:24,651: topic[/joint_states] adding connection to [/robot_state_publisher], count 0
[rospy.internal][INFO] 2020-01-31 22:12:24,666: topic[/clock] adding connection to [/rosout], count 1
[rospy.internal][INFO] 2020-01-31 22:12:24,736: topic[/rosout] adding connection to [/rosout], count 0
[rospy.internal][INFO] 2020-01-31 22:12:24,767: topic[/clock] adding connection to [/ur_driver], count 2
[rospy.internal][INFO] 2020-01-31 22:12:47,720: topic[/clock] adding connection to [/move_group], count 3
[rospy.internal][INFO] 2020-01-31 22:12:47,843: topic[/joint_states] adding connection to [/move_group], count 1
[rospy.internal][INFO] 2020-01-31 22:12:47,883: topic[/arm_controller/follow_joint_trajectory/cancel] adding connection to [http://rachel-private:44771/], count 0
[rospy.internal][INFO] 2020-01-31 22:12:47,885: topic[/arm_controller/follow_joint_trajectory/goal] adding connection to [http://rachel-private:44771/], count 0
[rospy.internal][INFO] 2020-01-31 22:12:48,012: topic[/arm_controller/follow_joint_trajectory/status] adding connection to [/move_group], count 0
[rospy.internal][INFO] 2020-01-31 22:12:48,031: topic[/arm_controller/follow_joint_trajectory/feedback] adding connection to [/move_group], count 0
[rospy.internal][INFO] 2020-01-31 22:12:48,097: topic[/arm_controller/follow_joint_trajectory/result] adding connection to [/move_group], count 0
[rospy.internal][INFO] 2020-01-31 22:19:27,528: topic[/clock] adding connection to [/rviz_rachel_private_27567_6652486717537617174], count 4
[rospy.internal][INFO] 2020-01-31 22:20:53,139: topic[/clock] removing connection to /move_group
[rospy.internal][INFO] 2020-01-31 22:20:53,153: topic[/joint_states] removing connection to /move_group
[rospy.internal][WARNING] 2020-01-31 22:20:53,214: Unknown error initiating TCP/IP socket to rachel-private:55407 (http://rachel-private:44771/): Traceback (most recent call last):
  File "/usr/local/webots/projects/languages/ros/controllers/ros_python/kinetic/dist-packages/rospy/impl/tcpros_base.py", line 557, in connect
    self.read_header()
  File "/usr/local/webots/projects/languages/ros/controllers/ros_python/kinetic/dist-packages/rospy/impl/tcpros_base.py", line 650, in read_header
    self._validate_header(read_ros_handshake_header(sock, self.read_buff, self.protocol.buff_size))
  File "/usr/local/webots/projects/languages/ros/controllers/ros_python/kinetic/dist-packages/rosgraph/network.py", line 362, in read_ros_handshake_header
    d = sock.recv(buff_size)
error: [Errno 104] Connection reset by peer

[rospy.internal][INFO] 2020-01-31 22:20:53,215: topic[/arm_controller/follow_joint_trajectory/cancel] removing connection to http://rachel-private:44771/
[rospy.internal][WARNING] 2020-01-31 22:20:53,215: Unknown error initiating TCP/IP socket to rachel-private:55407 (http://rachel-private:44771/): Traceback (most recent call last):
  File "/usr/local/webots/projects/languages/ros/controllers/ros_python/kinetic/dist-packages/rospy/impl/tcpros_base.py", line 557, in connect
    self.read_header()
  File "/usr/local/webots/projects/languages/ros/controllers/ros_python/kinetic/dist-packages/rospy/impl/tcpros_base.py", line 650, in read_header
    self._validate_header(read_ros_handshake_header(sock, self.read_buff, self.protocol.buff_size))
  File "/usr/local/webots/projects/languages/ros/controllers/ros_python/kinetic/dist-packages/rosgraph/network.py", line 362, in read_ros_handshake_header
    d = sock.recv(buff_size)
error: [Errno 104] Connection reset by peer

[rospy.internal][INFO] 2020-01-31 22:20:53,230: topic[/arm_controller/follow_joint_trajectory/goal] removing connection to http://rachel-private:44771/
[rospy.internal][INFO] 2020-01-31 22:20:53,381: topic[/arm_controller/follow_joint_trajectory/feedback] removing connection to /move_group
[rospy.internal][INFO] 2020-01-31 22:20:53,381: topic[/arm_controller/follow_joint_trajectory/status] removing connection to /move_group
[rospy.internal][INFO] 2020-01-31 22:20:53,382: topic[/arm_controller/follow_joint_trajectory/result] removing connection to /move_group
[rospy.internal][INFO] 2020-01-31 22:20:54,302: topic[/clock] removing connection to /robot_state_publisher
[rospy.internal][INFO] 2020-01-31 22:20:54,302: topic[/joint_states] removing connection to /robot_state_publisher
[rospy.internal][INFO] 2020-01-31 22:20:54,525: topic[/clock] removing connection to /rosout
[rospy.internal][INFO] 2020-01-31 22:20:54,542: topic[/rosout] removing connection to /rosout
[rospy.internal][INFO] 2020-01-31 22:20:57,549: topic[/clock] removing connection to /rviz_rachel_private_27567_6652486717537617174
[rospy.client][INFO] 2020-01-31 22:34:35,168: init_node, name[/ur_driver], pid[28161]
[xmlrpc][INFO] 2020-01-31 22:34:35,169: XML-RPC server binding to 0.0.0.0:0
[xmlrpc][INFO] 2020-01-31 22:34:35,169: Started XML-RPC server [http://rachel-private:41065/]
[rospy.init][INFO] 2020-01-31 22:34:35,169: ROS Slave URI: [http://rachel-private:41065/]
[rospy.impl.masterslave][INFO] 2020-01-31 22:34:35,170: _ready: http://rachel-private:41065/
[rospy.registration][INFO] 2020-01-31 22:34:35,170: Registering with master node http://localhost:11311
[xmlrpc][INFO] 2020-01-31 22:34:35,170: xml rpc node: starting XML-RPC server
[rospy.init][INFO] 2020-01-31 22:34:35,270: registered with master
[rospy.rosout][INFO] 2020-01-31 22:34:35,270: initializing /rosout core topic
[rospy.registration][ERROR] 2020-01-31 22:34:35,275: [Errno 111] Connection refused
Unable to register with master node [http://localhost:11311]: master may not be running yet. Will keep trying.
[rospy.core][INFO] 2020-01-31 23:31:40,481: signal_shutdown [atexit]
[rospy.registration][WARNING] 2020-01-31 23:31:40,485: cannot unregister with master due to network issues
[rospy.impl.masterslave][INFO] 2020-01-31 23:31:40,486: atexit
[rospy.client][INFO] 2020-02-02 23:30:10,168: init_node, name[/ur_driver], pid[3083]
[xmlrpc][INFO] 2020-02-02 23:30:10,169: XML-RPC server binding to 0.0.0.0:0
[xmlrpc][INFO] 2020-02-02 23:30:10,170: Started XML-RPC server [http://rachel-private:41557/]
[rospy.init][INFO] 2020-02-02 23:30:10,170: ROS Slave URI: [http://rachel-private:41557/]
[rospy.impl.masterslave][INFO] 2020-02-02 23:30:10,170: _ready: http://rachel-private:41557/
[xmlrpc][INFO] 2020-02-02 23:30:10,171: xml rpc node: starting XML-RPC server
[rospy.registration][INFO] 2020-02-02 23:30:10,171: Registering with master node http://localhost:11311
[rospy.init][INFO] 2020-02-02 23:30:10,271: registered with master
[rospy.rosout][INFO] 2020-02-02 23:30:10,271: initializing /rosout core topic
[rospy.registration][ERROR] 2020-02-02 23:30:10,274: [Errno 111] Connection refused
Unable to register with master node [http://localhost:11311]: master may not be running yet. Will keep trying.
[rospy.client][INFO] 2020-02-03 10:06:21,949: init_node, name[/ur_driver], pid[4226]
[xmlrpc][INFO] 2020-02-03 10:06:21,950: XML-RPC server binding to 0.0.0.0:0
[xmlrpc][INFO] 2020-02-03 10:06:21,950: Started XML-RPC server [http://rachel-private:34191/]
[rospy.init][INFO] 2020-02-03 10:06:21,950: ROS Slave URI: [http://rachel-private:34191/]
[rospy.impl.masterslave][INFO] 2020-02-03 10:06:21,950: _ready: http://rachel-private:34191/
[rospy.registration][INFO] 2020-02-03 10:06:21,951: Registering with master node http://localhost:11311
[xmlrpc][INFO] 2020-02-03 10:06:21,951: xml rpc node: starting XML-RPC server
[rospy.init][INFO] 2020-02-03 10:06:22,050: registered with master
[rospy.rosout][INFO] 2020-02-03 10:06:22,051: initializing /rosout core topic
[rospy.registration][ERROR] 2020-02-03 10:06:22,054: [Errno 111] Connection refused
Unable to register with master node [http://localhost:11311]: master may not be running yet. Will keep trying.
[rospy.client][INFO] 2020-02-03 11:38:24,308: init_node, name[/ur_driver], pid[8964]
[xmlrpc][INFO] 2020-02-03 11:38:24,308: XML-RPC server binding to 0.0.0.0:0
[xmlrpc][INFO] 2020-02-03 11:38:24,308: Started XML-RPC server [http://rachel-private:41645/]
[rospy.init][INFO] 2020-02-03 11:38:24,308: ROS Slave URI: [http://rachel-private:41645/]
[rospy.impl.masterslave][INFO] 2020-02-03 11:38:24,308: _ready: http://rachel-private:41645/
[xmlrpc][INFO] 2020-02-03 11:38:24,309: xml rpc node: starting XML-RPC server
[rospy.registration][INFO] 2020-02-03 11:38:24,309: Registering with master node http://localhost:11311
[rospy.init][INFO] 2020-02-03 11:38:24,409: registered with master
[rospy.rosout][INFO] 2020-02-03 11:38:24,409: initializing /rosout core topic
[rospy.registration][ERROR] 2020-02-03 11:38:24,412: [Errno 111] Connection refused
Unable to register with master node [http://localhost:11311]: master may not be running yet. Will keep trying.
[rospy.rosout][INFO] 2020-02-03 11:39:31,318: connected to core topic /rosout
[rospy.simtime][INFO] 2020-02-03 11:39:31,320: initializing /clock core topic
[rospy.simtime][INFO] 2020-02-03 11:39:31,322: connected to core topic /clock
[rospy.core][INFO] 2020-02-03 11:39:31,330: signal_shutdown [atexit]
[rospy.impl.masterslave][INFO] 2020-02-03 11:39:31,332: atexit
[rospy.client][INFO] 2020-02-03 11:40:23,255: init_node, name[/ur_driver], pid[9128]
[xmlrpc][INFO] 2020-02-03 11:40:23,256: XML-RPC server binding to 0.0.0.0:0
[xmlrpc][INFO] 2020-02-03 11:40:23,256: Started XML-RPC server [http://rachel-private:38037/]
[rospy.init][INFO] 2020-02-03 11:40:23,256: ROS Slave URI: [http://rachel-private:38037/]
[rospy.impl.masterslave][INFO] 2020-02-03 11:40:23,256: _ready: http://rachel-private:38037/
[rospy.registration][INFO] 2020-02-03 11:40:23,257: Registering with master node http://localhost:11311
[xmlrpc][INFO] 2020-02-03 11:40:23,257: xml rpc node: starting XML-RPC server
[rospy.init][INFO] 2020-02-03 11:40:23,356: registered with master
[rospy.rosout][INFO] 2020-02-03 11:40:23,357: initializing /rosout core topic
[rospy.registration][ERROR] 2020-02-03 11:40:23,359: [Errno 111] Connection refused
Unable to register with master node [http://localhost:11311]: master may not be running yet. Will keep trying.
[rospy.rosout][INFO] 2020-02-03 11:40:38,430: connected to core topic /rosout
[rospy.simtime][INFO] 2020-02-03 11:40:38,431: initializing /clock core topic
[rospy.simtime][INFO] 2020-02-03 11:40:38,434: connected to core topic /clock
[rospy.core][INFO] 2020-02-03 11:40:38,441: signal_shutdown [atexit]
[rospy.impl.masterslave][INFO] 2020-02-03 11:40:38,443: atexit
[rospy.client][INFO] 2020-02-03 11:42:29,427: init_node, name[/ur_driver], pid[9207]
[xmlrpc][INFO] 2020-02-03 11:42:29,428: XML-RPC server binding to 0.0.0.0:0
[xmlrpc][INFO] 2020-02-03 11:42:29,428: Started XML-RPC server [http://rachel-private:36735/]
[rospy.init][INFO] 2020-02-03 11:42:29,428: ROS Slave URI: [http://rachel-private:36735/]
[rospy.impl.masterslave][INFO] 2020-02-03 11:42:29,428: _ready: http://rachel-private:36735/
[rospy.registration][INFO] 2020-02-03 11:42:29,429: Registering with master node http://localhost:11311
[xmlrpc][INFO] 2020-02-03 11:42:29,429: xml rpc node: starting XML-RPC server
[rospy.init][INFO] 2020-02-03 11:42:29,528: registered with master
[rospy.rosout][INFO] 2020-02-03 11:42:29,529: initializing /rosout core topic
[rospy.registration][ERROR] 2020-02-03 11:42:29,531: [Errno 111] Connection refused
Unable to register with master node [http://localhost:11311]: master may not be running yet. Will keep trying.
[rospy.rosout][INFO] 2020-02-03 11:42:34,152: connected to core topic /rosout
[rospy.simtime][INFO] 2020-02-03 11:42:34,153: /use_sim_time is not set, will not subscribe to simulated time [/clock] topic
[rospy.core][INFO] 2020-02-03 11:42:34,160: signal_shutdown [atexit]
[rospy.impl.masterslave][INFO] 2020-02-03 11:42:34,162: atexit
[rospy.client][INFO] 2020-02-03 12:35:52,634: init_node, name[/ur_driver], pid[9734]
[xmlrpc][INFO] 2020-02-03 12:35:52,634: XML-RPC server binding to 0.0.0.0:0
[xmlrpc][INFO] 2020-02-03 12:35:52,634: Started XML-RPC server [http://rachel-private:35005/]
[rospy.init][INFO] 2020-02-03 12:35:52,634: ROS Slave URI: [http://rachel-private:35005/]
[rospy.impl.masterslave][INFO] 2020-02-03 12:35:52,635: _ready: http://rachel-private:35005/
[xmlrpc][INFO] 2020-02-03 12:35:52,635: xml rpc node: starting XML-RPC server
[rospy.registration][INFO] 2020-02-03 12:35:52,635: Registering with master node http://localhost:11311
[rospy.init][INFO] 2020-02-03 12:35:52,735: registered with master
[rospy.rosout][INFO] 2020-02-03 12:35:52,736: initializing /rosout core topic
[rospy.registration][ERROR] 2020-02-03 12:35:52,738: [Errno 111] Connection refused
Unable to register with master node [http://localhost:11311]: master may not be running yet. Will keep trying.
[rospy.rosout][INFO] 2020-02-03 12:35:56,756: connected to core topic /rosout
[rospy.simtime][INFO] 2020-02-03 12:35:56,757: initializing /clock core topic
[rospy.simtime][INFO] 2020-02-03 12:35:56,759: connected to core topic /clock
[rospy.core][INFO] 2020-02-03 12:35:56,767: signal_shutdown [atexit]
[rospy.impl.masterslave][INFO] 2020-02-03 12:35:56,769: atexit
[rospy.client][INFO] 2020-02-03 12:37:26,500: init_node, name[/ur_driver], pid[9821]
[xmlrpc][INFO] 2020-02-03 12:37:26,501: XML-RPC server binding to 0.0.0.0:0
[xmlrpc][INFO] 2020-02-03 12:37:26,501: Started XML-RPC server [http://rachel-private:45837/]
[rospy.init][INFO] 2020-02-03 12:37:26,501: ROS Slave URI: [http://rachel-private:45837/]
[rospy.impl.masterslave][INFO] 2020-02-03 12:37:26,501: _ready: http://rachel-private:45837/
[xmlrpc][INFO] 2020-02-03 12:37:26,502: xml rpc node: starting XML-RPC server
[rospy.registration][INFO] 2020-02-03 12:37:26,502: Registering with master node http://localhost:11311
[rospy.init][INFO] 2020-02-03 12:37:26,601: registered with master
[rospy.rosout][INFO] 2020-02-03 12:37:26,602: initializing /rosout core topic
[rospy.rosout][INFO] 2020-02-03 12:37:26,608: connected to core topic /rosout
[rospy.simtime][INFO] 2020-02-03 12:37:26,611: initializing /clock core topic
[rospy.simtime][INFO] 2020-02-03 12:37:26,618: connected to core topic /clock
[rospy.core][INFO] 2020-02-03 12:37:26,642: signal_shutdown [atexit]
[rospy.impl.masterslave][INFO] 2020-02-03 12:37:26,648: atexit
[rospy.client][INFO] 2020-02-03 12:41:07,611: init_node, name[/ur_driver], pid[9928]
[xmlrpc][INFO] 2020-02-03 12:41:07,611: XML-RPC server binding to 0.0.0.0:0
[xmlrpc][INFO] 2020-02-03 12:41:07,612: Started XML-RPC server [http://rachel-private:37377/]
[rospy.init][INFO] 2020-02-03 12:41:07,612: ROS Slave URI: [http://rachel-private:37377/]
[rospy.impl.masterslave][INFO] 2020-02-03 12:41:07,612: _ready: http://rachel-private:37377/
[rospy.registration][INFO] 2020-02-03 12:41:07,612: Registering with master node http://localhost:11311
[xmlrpc][INFO] 2020-02-03 12:41:07,612: xml rpc node: starting XML-RPC server
[rospy.init][INFO] 2020-02-03 12:41:07,712: registered with master
[rospy.rosout][INFO] 2020-02-03 12:41:07,713: initializing /rosout core topic
[rospy.registration][ERROR] 2020-02-03 12:41:07,715: [Errno 111] Connection refused
Unable to register with master node [http://localhost:11311]: master may not be running yet. Will keep trying.
[rospy.rosout][INFO] 2020-02-03 12:41:11,533: connected to core topic /rosout
[rospy.simtime][INFO] 2020-02-03 12:41:11,534: /use_sim_time is not set, will not subscribe to simulated time [/clock] topic
[rospy.core][INFO] 2020-02-03 12:41:11,801: signal_shutdown [atexit]
[rospy.impl.masterslave][INFO] 2020-02-03 12:41:11,803: atexit
[rospy.client][INFO] 2020-02-03 14:27:51,341: init_node, name[/ur_driver], pid[12797]
[xmlrpc][INFO] 2020-02-03 14:27:51,341: XML-RPC server binding to 0.0.0.0:0
[rospy.init][INFO] 2020-02-03 14:27:51,341: ROS Slave URI: [http://rachel-private:39287/]
[xmlrpc][INFO] 2020-02-03 14:27:51,341: Started XML-RPC server [http://rachel-private:39287/]
[rospy.impl.masterslave][INFO] 2020-02-03 14:27:51,342: _ready: http://rachel-private:39287/
[xmlrpc][INFO] 2020-02-03 14:27:51,342: xml rpc node: starting XML-RPC server
[rospy.registration][INFO] 2020-02-03 14:27:51,342: Registering with master node http://localhost:11311
[rospy.init][INFO] 2020-02-03 14:27:51,442: registered with master
[rospy.rosout][INFO] 2020-02-03 14:27:51,442: initializing /rosout core topic
[rospy.registration][ERROR] 2020-02-03 14:27:51,443: [Errno 111] Connection refused
Unable to register with master node [http://localhost:11311]: master may not be running yet. Will keep trying.
[rospy.client][INFO] 2020-02-03 14:28:03,293: init_node, name[/ur_driver], pid[12805]
[xmlrpc][INFO] 2020-02-03 14:28:03,293: XML-RPC server binding to 0.0.0.0:0
[xmlrpc][INFO] 2020-02-03 14:28:03,294: Started XML-RPC server [http://rachel-private:41219/]
[rospy.init][INFO] 2020-02-03 14:28:03,294: ROS Slave URI: [http://rachel-private:41219/]
[rospy.impl.masterslave][INFO] 2020-02-03 14:28:03,294: _ready: http://rachel-private:41219/
[rospy.registration][INFO] 2020-02-03 14:28:03,294: Registering with master node http://localhost:11311
[xmlrpc][INFO] 2020-02-03 14:28:03,294: xml rpc node: starting XML-RPC server
[rospy.init][INFO] 2020-02-03 14:28:03,394: registered with master
[rospy.rosout][INFO] 2020-02-03 14:28:03,394: initializing /rosout core topic
[rospy.registration][ERROR] 2020-02-03 14:28:03,397: [Errno 111] Connection refused
Unable to register with master node [http://localhost:11311]: master may not be running yet. Will keep trying.
[rospy.client][INFO] 2020-02-03 14:32:01,028: init_node, name[/ur_driver], pid[12832]
[xmlrpc][INFO] 2020-02-03 14:32:01,028: XML-RPC server binding to 0.0.0.0:0
[xmlrpc][INFO] 2020-02-03 14:32:01,030: Started XML-RPC server [http://rachel-private:46439/]
[rospy.init][INFO] 2020-02-03 14:32:01,030: ROS Slave URI: [http://rachel-private:46439/]
[rospy.impl.masterslave][INFO] 2020-02-03 14:32:01,030: _ready: http://rachel-private:46439/
[xmlrpc][INFO] 2020-02-03 14:32:01,031: xml rpc node: starting XML-RPC server
[rospy.registration][INFO] 2020-02-03 14:32:01,031: Registering with master node http://localhost:11311
[rospy.init][INFO] 2020-02-03 14:32:01,131: registered with master
[rospy.rosout][INFO] 2020-02-03 14:32:01,131: initializing /rosout core topic
[rospy.registration][ERROR] 2020-02-03 14:32:01,134: [Errno 111] Connection refused
Unable to register with master node [http://localhost:11311]: master may not be running yet. Will keep trying.
[rospy.rosout][INFO] 2020-02-03 14:32:07,259: connected to core topic /rosout
[rospy.simtime][INFO] 2020-02-03 14:32:07,261: /use_sim_time is not set, will not subscribe to simulated time [/clock] topic
[rospy.core][INFO] 2020-02-03 14:32:07,271: signal_shutdown [atexit]
[rospy.impl.masterslave][INFO] 2020-02-03 14:32:07,273: atexit
[rospy.rosout][INFO] 2020-02-03 14:32:07,360: connected to core topic /rosout
[rospy.simtime][INFO] 2020-02-03 14:32:07,361: initializing /clock core topic
[rospy.simtime][INFO] 2020-02-03 14:32:07,363: connected to core topic /clock
[rospy.core][INFO] 2020-02-03 14:32:07,376: signal_shutdown [atexit]
[rospy.impl.masterslave][INFO] 2020-02-03 14:32:07,402: atexit
[rospy.client][INFO] 2020-02-03 14:57:48,282: init_node, name[/ur_driver], pid[14276]
[xmlrpc][INFO] 2020-02-03 14:57:48,282: XML-RPC server binding to 0.0.0.0:0
[rospy.init][INFO] 2020-02-03 14:57:48,282: ROS Slave URI: [http://rachel-private:43535/]
[xmlrpc][INFO] 2020-02-03 14:57:48,282: Started XML-RPC server [http://rachel-private:43535/]
[rospy.impl.masterslave][INFO] 2020-02-03 14:57:48,283: _ready: http://rachel-private:43535/
[rospy.registration][INFO] 2020-02-03 14:57:48,284: Registering with master node http://localhost:11311
[xmlrpc][INFO] 2020-02-03 14:57:48,287: xml rpc node: starting XML-RPC server
[rospy.init][INFO] 2020-02-03 14:57:48,383: registered with master
[rospy.rosout][INFO] 2020-02-03 14:57:48,383: initializing /rosout core topic
[rospy.registration][ERROR] 2020-02-03 14:57:48,384: [Errno 111] Connection refused
Unable to register with master node [http://localhost:11311]: master may not be running yet. Will keep trying.
[rospy.rosout][INFO] 2020-02-03 14:57:56,620: connected to core topic /rosout
[rospy.simtime][INFO] 2020-02-03 14:57:56,622: /use_sim_time is not set, will not subscribe to simulated time [/clock] topic
[rosout][WARNING] 2020-02-03 14:57:56,646: use_sim_time is not set!
[rospy.internal][INFO] 2020-02-03 14:57:57,287: topic[/clock] adding connection to [/rosout], count 0
[rospy.internal][INFO] 2020-02-03 14:57:57,321: topic[/rosout] adding connection to [/rosout], count 0
[rospy.internal][INFO] 2020-02-03 14:57:57,357: topic[/clock] adding connection to [/robot_state_publisher], count 1
[rospy.internal][INFO] 2020-02-03 14:57:57,437: topic[/joint_states] adding connection to [/robot_state_publisher], count 0
[rospy.internal][INFO] 2020-02-03 14:57:58,938: topic[/clock] removing connection to /robot_state_publisher
[rospy.internal][INFO] 2020-02-03 14:57:58,938: topic[/joint_states] removing connection to /robot_state_publisher
[rospy.internal][INFO] 2020-02-03 14:57:59,215: topic[/clock] removing connection to /rosout
[rospy.internal][INFO] 2020-02-03 14:57:59,362: topic[/rosout] removing connection to /rosout
[rospy.client][INFO] 2020-02-03 14:58:39,164: init_node, name[/ur_driver], pid[14426]
[xmlrpc][INFO] 2020-02-03 14:58:39,165: XML-RPC server binding to 0.0.0.0:0
[xmlrpc][INFO] 2020-02-03 14:58:39,165: Started XML-RPC server [http://rachel-private:35069/]
[rospy.impl.masterslave][INFO] 2020-02-03 14:58:39,165: _ready: http://rachel-private:35069/
[rospy.init][INFO] 2020-02-03 14:58:39,165: ROS Slave URI: [http://rachel-private:35069/]
[rospy.registration][INFO] 2020-02-03 14:58:39,166: Registering with master node http://localhost:11311
[xmlrpc][INFO] 2020-02-03 14:58:39,166: xml rpc node: starting XML-RPC server
[rospy.init][INFO] 2020-02-03 14:58:39,266: registered with master
[rospy.rosout][INFO] 2020-02-03 14:58:39,266: initializing /rosout core topic
[rospy.rosout][INFO] 2020-02-03 14:58:39,270: connected to core topic /rosout
[rospy.simtime][INFO] 2020-02-03 14:58:39,273: initializing /clock core topic
[rospy.simtime][INFO] 2020-02-03 14:58:39,279: connected to core topic /clock
[rospy.internal][INFO] 2020-02-03 14:58:39,660: topic[/rosout] adding connection to [/rosout], count 0
[rospy.internal][INFO] 2020-02-03 14:58:39,768: topic[/clock] adding connection to [http://rachel-private:35069/], count 0
[rospy.internal][INFO] 2020-02-03 14:58:39,768: topic[/clock] adding connection to [/rosout], count 0
[rospy.internal][INFO] 2020-02-03 14:58:39,848: topic[/joint_states] adding connection to [/robot_state_publisher], count 0
[rospy.internal][INFO] 2020-02-03 14:58:39,851: topic[/clock] adding connection to [/robot_state_publisher], count 1
[rospy.internal][INFO] 2020-02-03 14:58:39,916: topic[/clock] adding connection to [/ur_driver], count 2
[rospy.internal][INFO] 2020-02-03 14:59:05,752: topic[/clock] removing connection to /robot_state_publisher
[rospy.internal][INFO] 2020-02-03 14:59:05,752: topic[/joint_states] removing connection to /robot_state_publisher
[rospy.internal][INFO] 2020-02-03 14:59:05,905: topic[/clock] removing connection to /rosout
[rospy.internal][INFO] 2020-02-03 14:59:06,333: topic[/rosout] removing connection to /rosout
[rospy.client][INFO] 2020-02-03 14:59:50,937: init_node, name[/ur_driver], pid[14524]
[xmlrpc][INFO] 2020-02-03 14:59:50,937: XML-RPC server binding to 0.0.0.0:0
[rospy.init][INFO] 2020-02-03 14:59:50,938: ROS Slave URI: [http://rachel-private:35373/]
[xmlrpc][INFO] 2020-02-03 14:59:50,938: Started XML-RPC server [http://rachel-private:35373/]
[rospy.impl.masterslave][INFO] 2020-02-03 14:59:50,938: _ready: http://rachel-private:35373/
[rospy.registration][INFO] 2020-02-03 14:59:50,939: Registering with master node http://localhost:11311
[xmlrpc][INFO] 2020-02-03 14:59:50,939: xml rpc node: starting XML-RPC server
[rospy.init][INFO] 2020-02-03 14:59:51,038: registered with master
[rospy.rosout][INFO] 2020-02-03 14:59:51,039: initializing /rosout core topic
[rospy.rosout][INFO] 2020-02-03 14:59:51,044: connected to core topic /rosout
[rospy.simtime][INFO] 2020-02-03 14:59:51,047: initializing /clock core topic
[rospy.simtime][INFO] 2020-02-03 14:59:51,054: connected to core topic /clock
[rospy.internal][INFO] 2020-02-03 14:59:51,358: topic[/joint_states] adding connection to [/robot_state_publisher], count 0
[rospy.internal][INFO] 2020-02-03 14:59:51,409: topic[/rosout] adding connection to [/rosout], count 0
[rospy.internal][INFO] 2020-02-03 14:59:51,490: topic[/clock] adding connection to [/rosout], count 0
[rospy.internal][INFO] 2020-02-03 14:59:51,490: topic[/clock] adding connection to [http://rachel-private:35373/], count 0
[rospy.internal][INFO] 2020-02-03 14:59:51,535: topic[/clock] adding connection to [/robot_state_publisher], count 1
[rospy.internal][INFO] 2020-02-03 14:59:51,549: topic[/clock] adding connection to [/ur_driver], count 2
[rospy.internal][INFO] 2020-02-03 14:59:57,256: topic[/clock] removing connection to /robot_state_publisher
[rospy.internal][INFO] 2020-02-03 14:59:57,257: topic[/joint_states] removing connection to /robot_state_publisher
[rospy.internal][INFO] 2020-02-03 14:59:57,512: topic[/clock] removing connection to /rosout
[rospy.internal][INFO] 2020-02-03 14:59:57,577: topic[/rosout] removing connection to /rosout
[rospy.client][INFO] 2020-02-03 15:00:16,039: init_node, name[/ur_driver], pid[14573]
[xmlrpc][INFO] 2020-02-03 15:00:16,039: XML-RPC server binding to 0.0.0.0:0
[rospy.init][INFO] 2020-02-03 15:00:16,039: ROS Slave URI: [http://rachel-private:46117/]
[xmlrpc][INFO] 2020-02-03 15:00:16,039: Started XML-RPC server [http://rachel-private:46117/]
[rospy.impl.masterslave][INFO] 2020-02-03 15:00:16,040: _ready: http://rachel-private:46117/
[rospy.registration][INFO] 2020-02-03 15:00:16,040: Registering with master node http://localhost:11311
[xmlrpc][INFO] 2020-02-03 15:00:16,041: xml rpc node: starting XML-RPC server
[rospy.init][INFO] 2020-02-03 15:00:16,140: registered with master
[rospy.rosout][INFO] 2020-02-03 15:00:16,140: initializing /rosout core topic
[rospy.registration][ERROR] 2020-02-03 15:00:16,143: [Errno 111] Connection refused
Unable to register with master node [http://localhost:11311]: master may not be running yet. Will keep trying.
[rospy.rosout][INFO] 2020-02-03 15:01:06,380: connected to core topic /rosout
[rospy.simtime][INFO] 2020-02-03 15:01:06,381: initializing /clock core topic
[rospy.simtime][INFO] 2020-02-03 15:01:06,384: connected to core topic /clock
[rospy.internal][INFO] 2020-02-03 15:01:06,681: topic[/rosout] adding connection to [/rosout], count 0
[rospy.internal][INFO] 2020-02-03 15:01:06,778: topic[/clock] adding connection to [/rosout], count 0
[rospy.internal][INFO] 2020-02-03 15:01:06,899: topic[/clock] adding connection to [http://rachel-private:46117/], count 0
[rospy.internal][INFO] 2020-02-03 15:01:07,034: topic[/joint_states] adding connection to [/robot_state_publisher], count 0
[rospy.internal][INFO] 2020-02-03 15:01:07,066: topic[/clock] adding connection to [/robot_state_publisher], count 1
[rospy.internal][INFO] 2020-02-03 15:01:07,109: topic[/clock] adding connection to [/ur_driver], count 2
[rospy.internal][INFO] 2020-02-03 15:01:39,681: topic[/joint_states] removing connection to /robot_state_publisher
[rospy.internal][INFO] 2020-02-03 15:01:39,681: topic[/clock] removing connection to /robot_state_publisher
[rospy.internal][INFO] 2020-02-03 15:01:39,953: topic[/clock] removing connection to /rosout
[rospy.internal][INFO] 2020-02-03 15:01:40,209: topic[/rosout] removing connection to /rosout
[rospy.client][INFO] 2020-02-03 15:03:38,131: init_node, name[/ur_driver], pid[14763]
[xmlrpc][INFO] 2020-02-03 15:03:38,131: XML-RPC server binding to 0.0.0.0:0
[rospy.init][INFO] 2020-02-03 15:03:38,132: ROS Slave URI: [http://rachel-private:42573/]
[xmlrpc][INFO] 2020-02-03 15:03:38,132: Started XML-RPC server [http://rachel-private:42573/]
[rospy.impl.masterslave][INFO] 2020-02-03 15:03:38,132: _ready: http://rachel-private:42573/
[rospy.registration][INFO] 2020-02-03 15:03:38,133: Registering with master node http://localhost:11311
[xmlrpc][INFO] 2020-02-03 15:03:38,133: xml rpc node: starting XML-RPC server
[rospy.init][INFO] 2020-02-03 15:03:38,232: registered with master
[rospy.rosout][INFO] 2020-02-03 15:03:38,233: initializing /rosout core topic
[rospy.registration][ERROR] 2020-02-03 15:03:38,236: [Errno 111] Connection refused
Unable to register with master node [http://localhost:11311]: master may not be running yet. Will keep trying.
[rospy.rosout][INFO] 2020-02-03 15:03:42,655: connected to core topic /rosout
[rospy.simtime][INFO] 2020-02-03 15:03:42,657: initializing /clock core topic
[rospy.simtime][INFO] 2020-02-03 15:03:42,673: connected to core topic /clock
[rospy.internal][INFO] 2020-02-03 15:03:43,057: topic[/rosout] adding connection to [/rosout], count 0
[rospy.internal][INFO] 2020-02-03 15:03:43,230: topic[/joint_states] adding connection to [/robot_state_publisher], count 0
[rospy.internal][INFO] 2020-02-03 15:03:43,246: topic[/clock] adding connection to [http://rachel-private:42573/], count 0
[rospy.internal][INFO] 2020-02-03 15:03:43,631: topic[/clock] adding connection to [/robot_state_publisher], count 0
[rospy.internal][INFO] 2020-02-03 15:03:43,675: topic[/clock] adding connection to [/rosout], count 1
[rospy.internal][INFO] 2020-02-03 15:03:43,705: topic[/clock] adding connection to [/ur_driver], count 2
[rospy.internal][INFO] 2020-02-03 15:03:53,257: topic[/joint_states] removing connection to /robot_state_publisher
[rospy.internal][INFO] 2020-02-03 15:03:53,288: topic[/clock] removing connection to /robot_state_publisher
[rospy.internal][INFO] 2020-02-03 15:03:53,390: topic[/clock] removing connection to /rosout
[rospy.internal][INFO] 2020-02-03 15:03:53,390: topic[/rosout] removing connection to /rosout
[rospy.client][INFO] 2020-02-03 15:08:34,561: init_node, name[/ur_driver], pid[14965]
[xmlrpc][INFO] 2020-02-03 15:08:34,562: XML-RPC server binding to 0.0.0.0:0
[rospy.init][INFO] 2020-02-03 15:08:34,562: ROS Slave URI: [http://rachel-private:33197/]
[xmlrpc][INFO] 2020-02-03 15:08:34,562: Started XML-RPC server [http://rachel-private:33197/]
[rospy.impl.masterslave][INFO] 2020-02-03 15:08:34,562: _ready: http://rachel-private:33197/
[xmlrpc][INFO] 2020-02-03 15:08:34,562: xml rpc node: starting XML-RPC server
[rospy.registration][INFO] 2020-02-03 15:08:34,563: Registering with master node http://localhost:11311
[rospy.init][INFO] 2020-02-03 15:08:34,662: registered with master
[rospy.rosout][INFO] 2020-02-03 15:08:34,663: initializing /rosout core topic
[rospy.rosout][INFO] 2020-02-03 15:08:34,667: connected to core topic /rosout
[rospy.simtime][INFO] 2020-02-03 15:08:34,670: initializing /clock core topic
[rospy.simtime][INFO] 2020-02-03 15:08:34,677: connected to core topic /clock
[rospy.core][INFO] 2020-02-03 15:08:34,773: signal_shutdown [atexit]
[rospy.impl.masterslave][INFO] 2020-02-03 15:08:34,780: atexit
[rospy.client][INFO] 2020-02-03 15:09:12,723: init_node, name[/ur_driver], pid[14990]
[xmlrpc][INFO] 2020-02-03 15:09:12,723: XML-RPC server binding to 0.0.0.0:0
[xmlrpc][INFO] 2020-02-03 15:09:12,723: Started XML-RPC server [http://rachel-private:40261/]
[rospy.impl.masterslave][INFO] 2020-02-03 15:09:12,724: _ready: http://rachel-private:40261/
[xmlrpc][INFO] 2020-02-03 15:09:12,724: xml rpc node: starting XML-RPC server
[rospy.registration][INFO] 2020-02-03 15:09:12,724: Registering with master node http://localhost:11311
[rospy.init][INFO] 2020-02-03 15:09:12,724: ROS Slave URI: [http://rachel-private:40261/]
[rospy.init][INFO] 2020-02-03 15:09:12,724: registered with master
[rospy.rosout][INFO] 2020-02-03 15:09:12,724: initializing /rosout core topic
[rospy.rosout][INFO] 2020-02-03 15:09:12,726: connected to core topic /rosout
[rospy.simtime][INFO] 2020-02-03 15:09:12,727: initializing /clock core topic
[rospy.simtime][INFO] 2020-02-03 15:09:12,729: connected to core topic /clock
[rospy.internal][INFO] 2020-02-03 15:09:12,946: topic[/rosout] adding connection to [/rosout], count 0
[rospy.internal][INFO] 2020-02-03 15:09:12,947: topic[/joint_states] adding connection to [/robot_state_publisher], count 0
[rospy.internal][INFO] 2020-02-03 15:09:20,763: topic[/joint_states] removing connection to /robot_state_publisher
[rospy.internal][INFO] 2020-02-03 15:09:21,265: topic[/rosout] removing connection to /rosout
[rospy.client][INFO] 2020-02-03 15:10:08,528: init_node, name[/ur_driver], pid[15094]
[xmlrpc][INFO] 2020-02-03 15:10:08,528: XML-RPC server binding to 0.0.0.0:0
[rospy.init][INFO] 2020-02-03 15:10:08,528: ROS Slave URI: [http://rachel-private:39729/]
[xmlrpc][INFO] 2020-02-03 15:10:08,528: Started XML-RPC server [http://rachel-private:39729/]
[rospy.impl.masterslave][INFO] 2020-02-03 15:10:08,528: _ready: http://rachel-private:39729/
[rospy.registration][INFO] 2020-02-03 15:10:08,529: Registering with master node http://localhost:11311
[xmlrpc][INFO] 2020-02-03 15:10:08,529: xml rpc node: starting XML-RPC server
[rospy.init][INFO] 2020-02-03 15:10:08,629: registered with master
[rospy.rosout][INFO] 2020-02-03 15:10:08,629: initializing /rosout core topic
[rospy.rosout][INFO] 2020-02-03 15:10:08,634: connected to core topic /rosout
[rospy.simtime][INFO] 2020-02-03 15:10:08,639: initializing /clock core topic
[rospy.simtime][INFO] 2020-02-03 15:10:08,648: connected to core topic /clock
[rospy.internal][INFO] 2020-02-03 15:10:08,847: topic[/rosout] adding connection to [/rosout], count 0
[rospy.internal][INFO] 2020-02-03 15:10:08,951: topic[/joint_states] adding connection to [/robot_state_publisher], count 0
[rospy.internal][INFO] 2020-02-03 15:11:19,575: topic[/joint_states] adding connection to [/move_group], count 1
[rospy.internal][INFO] 2020-02-03 15:11:41,268: topic[/joint_states] removing connection to /move_group
[rospy.internal][INFO] 2020-02-03 15:11:44,025: topic[/joint_states] adding connection to [/move_group], count 1
[rospy.internal][INFO] 2020-02-03 15:12:23,798: topic[/joint_states] removing connection to /move_group
[rospy.internal][INFO] 2020-02-03 15:12:32,806: topic[/joint_states] removing connection to /robot_state_publisher
[rospy.internal][INFO] 2020-02-03 15:12:32,806: topic[/rosout] removing connection to /rosout
[rospy.client][INFO] 2020-02-03 15:13:17,132: init_node, name[/ur_driver], pid[15646]
[xmlrpc][INFO] 2020-02-03 15:13:17,132: XML-RPC server binding to 0.0.0.0:0
[rospy.init][INFO] 2020-02-03 15:13:17,133: ROS Slave URI: [http://rachel-private:37167/]
[xmlrpc][INFO] 2020-02-03 15:13:17,133: Started XML-RPC server [http://rachel-private:37167/]
[rospy.impl.masterslave][INFO] 2020-02-03 15:13:17,133: _ready: http://rachel-private:37167/
[rospy.registration][INFO] 2020-02-03 15:13:17,133: Registering with master node http://localhost:11311
[xmlrpc][INFO] 2020-02-03 15:13:17,134: xml rpc node: starting XML-RPC server
[rospy.init][INFO] 2020-02-03 15:13:17,233: registered with master
[rospy.rosout][INFO] 2020-02-03 15:13:17,233: initializing /rosout core topic
[rospy.rosout][INFO] 2020-02-03 15:13:17,237: connected to core topic /rosout
[rospy.simtime][INFO] 2020-02-03 15:13:17,241: initializing /clock core topic
[rospy.simtime][INFO] 2020-02-03 15:13:17,247: connected to core topic /clock
[rospy.internal][INFO] 2020-02-03 15:13:17,477: topic[/rosout] adding connection to [/rosout], count 0
[rospy.internal][INFO] 2020-02-03 15:13:17,479: topic[/joint_states] adding connection to [/robot_state_publisher], count 0
[rospy.internal][INFO] 2020-02-03 15:13:17,482: topic[/joint_states] adding connection to [/move_group], count 1
[rospy.internal][INFO] 2020-02-03 15:13:26,302: topic[/joint_states] removing connection to /move_group
[rospy.internal][INFO] 2020-02-03 15:13:29,200: topic[/joint_states] adding connection to [/move_group], count 1
[rospy.internal][INFO] 2020-02-03 15:14:45,363: topic[/joint_states] removing connection to /move_group
[rospy.client][INFO] 2020-02-03 15:15:37,164: init_node, name[/ur_driver], pid[15924]
[xmlrpc][INFO] 2020-02-03 15:15:37,165: XML-RPC server binding to 0.0.0.0:0
[rospy.init][INFO] 2020-02-03 15:15:37,165: ROS Slave URI: [http://rachel-private:38459/]
[xmlrpc][INFO] 2020-02-03 15:15:37,165: Started XML-RPC server [http://rachel-private:38459/]
[rospy.impl.masterslave][INFO] 2020-02-03 15:15:37,165: _ready: http://rachel-private:38459/
[rospy.registration][INFO] 2020-02-03 15:15:37,166: Registering with master node http://localhost:11311
[xmlrpc][INFO] 2020-02-03 15:15:37,166: xml rpc node: starting XML-RPC server
[rospy.init][INFO] 2020-02-03 15:15:37,265: registered with master
[rospy.rosout][INFO] 2020-02-03 15:15:37,266: initializing /rosout core topic
[rospy.rosout][INFO] 2020-02-03 15:15:37,273: connected to core topic /rosout
[rospy.simtime][INFO] 2020-02-03 15:15:37,277: initializing /clock core topic
[rospy.simtime][INFO] 2020-02-03 15:15:37,286: connected to core topic /clock
[rospy.internal][INFO] 2020-02-03 15:15:37,544: topic[/rosout] adding connection to [/rosout], count 0
[rospy.internal][INFO] 2020-02-03 15:15:37,545: topic[/joint_states] adding connection to [/robot_state_publisher], count 0
[rospy.internal][INFO] 2020-02-03 15:15:54,342: topic[/joint_states] removing connection to /robot_state_publisher
[rospy.internal][INFO] 2020-02-03 15:15:54,842: topic[/rosout] removing connection to /rosout
[rospy.client][INFO] 2020-02-03 15:16:24,209: init_node, name[/ur_driver], pid[16027]
[xmlrpc][INFO] 2020-02-03 15:16:24,209: XML-RPC server binding to 0.0.0.0:0
[rospy.init][INFO] 2020-02-03 15:16:24,210: ROS Slave URI: [http://rachel-private:35255/]
[xmlrpc][INFO] 2020-02-03 15:16:24,210: Started XML-RPC server [http://rachel-private:35255/]
[rospy.impl.masterslave][INFO] 2020-02-03 15:16:24,210: _ready: http://rachel-private:35255/
[rospy.registration][INFO] 2020-02-03 15:16:24,211: Registering with master node http://localhost:11311
[xmlrpc][INFO] 2020-02-03 15:16:24,211: xml rpc node: starting XML-RPC server
[rospy.init][INFO] 2020-02-03 15:16:24,310: registered with master
[rospy.rosout][INFO] 2020-02-03 15:16:24,310: initializing /rosout core topic
[rospy.rosout][INFO] 2020-02-03 15:16:24,314: connected to core topic /rosout
[rospy.simtime][INFO] 2020-02-03 15:16:24,316: initializing /clock core topic
[rospy.simtime][INFO] 2020-02-03 15:16:24,321: connected to core topic /clock
[rospy.internal][INFO] 2020-02-03 15:16:24,544: topic[/rosout] adding connection to [/rosout], count 0
[rospy.internal][INFO] 2020-02-03 15:16:24,546: topic[/joint_states] adding connection to [/robot_state_publisher], count 0
[rospy.internal][INFO] 2020-02-03 15:16:35,564: topic[/joint_states] adding connection to [/move_group], count 1
[rospy.internal][INFO] 2020-02-03 15:17:13,385: topic[/joint_states] removing connection to /move_group
[rospy.internal][INFO] 2020-02-03 15:17:14,886: topic[/joint_states] removing connection to /robot_state_publisher
[rospy.internal][INFO] 2020-02-03 15:17:14,887: topic[/rosout] removing connection to /rosout
[rospy.client][INFO] 2020-02-03 15:17:41,333: init_node, name[/ur_driver], pid[16195]
[xmlrpc][INFO] 2020-02-03 15:17:41,334: XML-RPC server binding to 0.0.0.0:0
[rospy.init][INFO] 2020-02-03 15:17:41,334: ROS Slave URI: [http://rachel-private:45531/]
[xmlrpc][INFO] 2020-02-03 15:17:41,334: Started XML-RPC server [http://rachel-private:45531/]
[rospy.impl.masterslave][INFO] 2020-02-03 15:17:41,334: _ready: http://rachel-private:45531/
[xmlrpc][INFO] 2020-02-03 15:17:41,335: xml rpc node: starting XML-RPC server
[rospy.registration][INFO] 2020-02-03 15:17:41,336: Registering with master node http://localhost:11311
[rospy.init][INFO] 2020-02-03 15:17:41,434: registered with master
[rospy.rosout][INFO] 2020-02-03 15:17:41,435: initializing /rosout core topic
[rospy.registration][ERROR] 2020-02-03 15:17:41,437: [Errno 111] Connection refused
Unable to register with master node [http://localhost:11311]: master may not be running yet. Will keep trying.
[rospy.rosout][INFO] 2020-02-03 15:17:44,450: connected to core topic /rosout
[rospy.simtime][INFO] 2020-02-03 15:17:44,452: initializing /clock core topic
[rospy.simtime][INFO] 2020-02-03 15:17:44,455: connected to core topic /clock
[rospy.internal][INFO] 2020-02-03 15:17:44,689: topic[/joint_states] adding connection to [/robot_state_publisher], count 0
[rospy.internal][INFO] 2020-02-03 15:17:44,697: topic[/rosout] adding connection to [/rosout], count 0
[rospy.internal][INFO] 2020-02-03 15:17:53,507: topic[/joint_states] adding connection to [/move_group], count 1
[rospy.internal][INFO] 2020-02-03 15:19:03,029: topic[/joint_states] removing connection to /move_group
[rospy.internal][INFO] 2020-02-03 15:19:04,029: topic[/joint_states] removing connection to /robot_state_publisher
[rospy.internal][INFO] 2020-02-03 15:19:04,030: topic[/rosout] removing connection to /rosout
[rospy.client][INFO] 2020-02-03 15:19:27,929: init_node, name[/ur_driver], pid[16559]
[xmlrpc][INFO] 2020-02-03 15:19:27,929: XML-RPC server binding to 0.0.0.0:0
[rospy.init][INFO] 2020-02-03 15:19:27,930: ROS Slave URI: [http://rachel-private:36207/]
[xmlrpc][INFO] 2020-02-03 15:19:27,929: Started XML-RPC server [http://rachel-private:36207/]
[rospy.impl.masterslave][INFO] 2020-02-03 15:19:27,930: _ready: http://rachel-private:36207/
[xmlrpc][INFO] 2020-02-03 15:19:27,935: xml rpc node: starting XML-RPC server
[rospy.registration][INFO] 2020-02-03 15:19:27,935: Registering with master node http://localhost:11311
[rospy.init][INFO] 2020-02-03 15:19:28,030: registered with master
[rospy.rosout][INFO] 2020-02-03 15:19:28,030: initializing /rosout core topic
[rospy.registration][ERROR] 2020-02-03 15:19:28,032: [Errno 111] Connection refused
Unable to register with master node [http://localhost:11311]: master may not be running yet. Will keep trying.
[rospy.rosout][INFO] 2020-02-03 15:19:32,657: connected to core topic /rosout
[rospy.simtime][INFO] 2020-02-03 15:19:32,661: /use_sim_time is not set, will not subscribe to simulated time [/clock] topic
[rospy.internal][INFO] 2020-02-03 15:19:33,015: topic[/rosout] adding connection to [/rosout], count 0
[rospy.internal][INFO] 2020-02-03 15:19:50,349: topic[/joint_states] adding connection to [/robot_state_publisher], count 0
[rospy.internal][INFO] 2020-02-03 15:20:16,222: topic[/rosout] removing connection to /rosout
[rospy.client][INFO] 2020-02-03 15:20:50,448: init_node, name[/ur_driver], pid[16738]
[xmlrpc][INFO] 2020-02-03 15:20:50,448: XML-RPC server binding to 0.0.0.0:0
[xmlrpc][INFO] 2020-02-03 15:20:50,449: Started XML-RPC server [http://rachel-private:35461/]
[rospy.impl.masterslave][INFO] 2020-02-03 15:20:50,449: _ready: http://rachel-private:35461/
[rospy.init][INFO] 2020-02-03 15:20:50,449: ROS Slave URI: [http://rachel-private:35461/]
[rospy.registration][INFO] 2020-02-03 15:20:50,450: Registering with master node http://localhost:11311
[xmlrpc][INFO] 2020-02-03 15:20:50,450: xml rpc node: starting XML-RPC server
[rospy.init][INFO] 2020-02-03 15:20:50,550: registered with master
[rospy.rosout][INFO] 2020-02-03 15:20:50,550: initializing /rosout core topic
[rospy.rosout][INFO] 2020-02-03 15:20:50,555: connected to core topic /rosout
[rospy.simtime][INFO] 2020-02-03 15:20:50,558: /use_sim_time is not set, will not subscribe to simulated time [/clock] topic
[rospy.internal][INFO] 2020-02-03 15:20:50,762: topic[/rosout] adding connection to [/rosout], count 0
[rospy.internal][INFO] 2020-02-03 15:21:29,139: topic[/rosout] removing connection to /rosout
[rospy.client][INFO] 2020-02-03 15:22:36,881: init_node, name[/ur_driver], pid[16923]
[xmlrpc][INFO] 2020-02-03 15:22:36,881: XML-RPC server binding to 0.0.0.0:0
[rospy.init][INFO] 2020-02-03 15:22:36,882: ROS Slave URI: [http://rachel-private:43219/]
[xmlrpc][INFO] 2020-02-03 15:22:36,882: Started XML-RPC server [http://rachel-private:43219/]
[rospy.impl.masterslave][INFO] 2020-02-03 15:22:36,882: _ready: http://rachel-private:43219/
[xmlrpc][INFO] 2020-02-03 15:22:36,883: xml rpc node: starting XML-RPC server
[rospy.registration][INFO] 2020-02-03 15:22:36,882: Registering with master node http://localhost:11311
[rospy.init][INFO] 2020-02-03 15:22:36,982: registered with master
[rospy.rosout][INFO] 2020-02-03 15:22:36,983: initializing /rosout core topic
[rospy.rosout][INFO] 2020-02-03 15:22:36,989: connected to core topic /rosout
[rospy.simtime][INFO] 2020-02-03 15:22:36,994: initializing /clock core topic
[rospy.simtime][INFO] 2020-02-03 15:22:37,001: connected to core topic /clock
[rospy.internal][INFO] 2020-02-03 15:22:37,209: topic[/rosout] adding connection to [/rosout], count 0
[rospy.internal][INFO] 2020-02-03 15:22:37,311: topic[/joint_states] adding connection to [/robot_state_publisher], count 0
[rospy.internal][INFO] 2020-02-03 15:22:44,627: topic[/joint_states] adding connection to [/move_group], count 1
[rospy.internal][INFO] 2020-02-03 15:23:12,068: topic[/joint_states] removing connection to /move_group
[rospy.client][INFO] 2020-02-03 15:26:41,528: init_node, name[/ur_driver], pid[17410]
[xmlrpc][INFO] 2020-02-03 15:26:41,529: XML-RPC server binding to 0.0.0.0:0
[rospy.init][INFO] 2020-02-03 15:26:41,529: ROS Slave URI: [http://rachel-private:40713/]
[xmlrpc][INFO] 2020-02-03 15:26:41,529: Started XML-RPC server [http://rachel-private:40713/]
[rospy.impl.masterslave][INFO] 2020-02-03 15:26:41,529: _ready: http://rachel-private:40713/
[rospy.registration][INFO] 2020-02-03 15:26:41,530: Registering with master node http://localhost:11311
[xmlrpc][INFO] 2020-02-03 15:26:41,530: xml rpc node: starting XML-RPC server
[rospy.init][INFO] 2020-02-03 15:26:41,629: registered with master
[rospy.rosout][INFO] 2020-02-03 15:26:41,629: initializing /rosout core topic
[rospy.rosout][INFO] 2020-02-03 15:26:41,631: connected to core topic /rosout
[rospy.simtime][INFO] 2020-02-03 15:26:41,632: initializing /clock core topic
[rospy.simtime][INFO] 2020-02-03 15:26:41,635: connected to core topic /clock
[rospy.internal][INFO] 2020-02-03 15:26:41,873: topic[/rosout] adding connection to [/rosout], count 0
[rospy.internal][INFO] 2020-02-03 15:26:41,874: topic[/joint_states] adding connection to [/robot_state_publisher], count 0
[rospy.client][INFO] 2020-02-03 15:36:14,479: init_node, name[/ur_driver], pid[17880]
[xmlrpc][INFO] 2020-02-03 15:36:14,479: XML-RPC server binding to 0.0.0.0:0
[xmlrpc][INFO] 2020-02-03 15:36:14,479: Started XML-RPC server [http://rachel-private:45979/]
[rospy.init][INFO] 2020-02-03 15:36:14,479: ROS Slave URI: [http://rachel-private:45979/]
[rospy.impl.masterslave][INFO] 2020-02-03 15:36:14,480: _ready: http://rachel-private:45979/
[rospy.registration][INFO] 2020-02-03 15:36:14,480: Registering with master node http://localhost:11311
[xmlrpc][INFO] 2020-02-03 15:36:14,480: xml rpc node: starting XML-RPC server
[rospy.init][INFO] 2020-02-03 15:36:14,580: registered with master
[rospy.rosout][INFO] 2020-02-03 15:36:14,580: initializing /rosout core topic
[rospy.registration][ERROR] 2020-02-03 15:36:14,583: [Errno 111] Connection refused
Unable to register with master node [http://localhost:11311]: master may not be running yet. Will keep trying.
[rospy.rosout][INFO] 2020-02-03 15:36:21,816: connected to core topic /rosout
[rospy.simtime][INFO] 2020-02-03 15:36:21,817: initializing /clock core topic
[rospy.simtime][INFO] 2020-02-03 15:36:21,819: connected to core topic /clock
[rospy.internal][INFO] 2020-02-03 15:36:22,113: topic[/rosout] adding connection to [/rosout], count 0
[rospy.internal][INFO] 2020-02-03 15:36:22,114: topic[/joint_states] adding connection to [/robot_state_publisher], count 0
[rospy.internal][INFO] 2020-02-03 15:36:30,367: topic[/joint_states] removing connection to /robot_state_publisher
[rospy.internal][INFO] 2020-02-03 15:36:30,368: topic[/rosout] removing connection to /rosout
[rospy.client][INFO] 2020-02-03 15:44:33,441: init_node, name[/ur_driver], pid[18033]
[xmlrpc][INFO] 2020-02-03 15:44:33,441: XML-RPC server binding to 0.0.0.0:0
[xmlrpc][INFO] 2020-02-03 15:44:33,441: Started XML-RPC server [http://rachel-private:44531/]
[rospy.init][INFO] 2020-02-03 15:44:33,442: ROS Slave URI: [http://rachel-private:44531/]
[rospy.impl.masterslave][INFO] 2020-02-03 15:44:33,442: _ready: http://rachel-private:44531/
[rospy.registration][INFO] 2020-02-03 15:44:33,442: Registering with master node http://localhost:11311
[xmlrpc][INFO] 2020-02-03 15:44:33,442: xml rpc node: starting XML-RPC server
[rospy.init][INFO] 2020-02-03 15:44:33,542: registered with master
[rospy.rosout][INFO] 2020-02-03 15:44:33,542: initializing /rosout core topic
[rospy.registration][ERROR] 2020-02-03 15:44:33,545: [Errno 111] Connection refused
Unable to register with master node [http://localhost:11311]: master may not be running yet. Will keep trying.
[rospy.rosout][INFO] 2020-02-03 15:44:38,767: connected to core topic /rosout
[rospy.simtime][INFO] 2020-02-03 15:44:38,768: initializing /clock core topic
[rospy.simtime][INFO] 2020-02-03 15:44:38,774: connected to core topic /clock
[rospy.internal][INFO] 2020-02-03 15:44:39,024: topic[/joint_states] adding connection to [/robot_state_publisher], count 0
[rospy.internal][INFO] 2020-02-03 15:44:39,025: topic[/rosout] adding connection to [/rosout], count 0
[rospy.client][INFO] 2020-02-03 15:46:38,619: init_node, name[/ur_driver], pid[18121]
[xmlrpc][INFO] 2020-02-03 15:46:38,620: XML-RPC server binding to 0.0.0.0:0
[xmlrpc][INFO] 2020-02-03 15:46:38,620: Started XML-RPC server [http://rachel-private:37743/]
[rospy.init][INFO] 2020-02-03 15:46:38,620: ROS Slave URI: [http://rachel-private:37743/]
[rospy.impl.masterslave][INFO] 2020-02-03 15:46:38,620: _ready: http://rachel-private:37743/
[rospy.registration][INFO] 2020-02-03 15:46:38,621: Registering with master node http://localhost:11311
[xmlrpc][INFO] 2020-02-03 15:46:38,621: xml rpc node: starting XML-RPC server
[rospy.init][INFO] 2020-02-03 15:46:38,720: registered with master
[rospy.rosout][INFO] 2020-02-03 15:46:38,721: initializing /rosout core topic
[rospy.rosout][INFO] 2020-02-03 15:46:38,726: connected to core topic /rosout
[rospy.simtime][INFO] 2020-02-03 15:46:38,735: initializing /clock core topic
[rospy.simtime][INFO] 2020-02-03 15:46:38,742: connected to core topic /clock
[rospy.internal][INFO] 2020-02-03 15:46:38,959: topic[/rosout] adding connection to [/rosout], count 0
[rospy.internal][INFO] 2020-02-03 15:46:39,060: topic[/joint_states] adding connection to [/robot_state_publisher], count 0
[rospy.internal][INFO] 2020-02-03 15:46:49,294: topic[/joint_states] removing connection to /robot_state_publisher
[rospy.internal][INFO] 2020-02-03 15:46:49,795: topic[/rosout] removing connection to /rosout
[rospy.client][INFO] 2020-02-03 15:47:15,111: init_node, name[/ur_driver], pid[18222]
[xmlrpc][INFO] 2020-02-03 15:47:15,111: XML-RPC server binding to 0.0.0.0:0
[xmlrpc][INFO] 2020-02-03 15:47:15,112: Started XML-RPC server [http://rachel-private:41899/]
[rospy.init][INFO] 2020-02-03 15:47:15,112: ROS Slave URI: [http://rachel-private:41899/]
[rospy.impl.masterslave][INFO] 2020-02-03 15:47:15,112: _ready: http://rachel-private:41899/
[xmlrpc][INFO] 2020-02-03 15:47:15,112: xml rpc node: starting XML-RPC server
[rospy.registration][INFO] 2020-02-03 15:47:15,113: Registering with master node http://localhost:11311
[rospy.init][INFO] 2020-02-03 15:47:15,212: registered with master
[rospy.rosout][INFO] 2020-02-03 15:47:15,213: initializing /rosout core topic
[rospy.rosout][INFO] 2020-02-03 15:47:15,216: connected to core topic /rosout
[rospy.simtime][INFO] 2020-02-03 15:47:15,219: initializing /clock core topic
[rospy.simtime][INFO] 2020-02-03 15:47:15,224: connected to core topic /clock
[rospy.internal][INFO] 2020-02-03 15:47:15,491: topic[/rosout] adding connection to [/rosout], count 0
[rospy.internal][INFO] 2020-02-03 15:47:15,493: topic[/joint_states] adding connection to [/robot_state_publisher], count 0
[rospy.client][INFO] 2020-02-03 16:44:42,790: init_node, name[/ur_driver], pid[19114]
[xmlrpc][INFO] 2020-02-03 16:44:42,790: XML-RPC server binding to 0.0.0.0:0
[xmlrpc][INFO] 2020-02-03 16:44:42,791: Started XML-RPC server [http://rachel-private:41655/]
[rospy.init][INFO] 2020-02-03 16:44:42,791: ROS Slave URI: [http://rachel-private:41655/]
[rospy.impl.masterslave][INFO] 2020-02-03 16:44:42,791: _ready: http://rachel-private:41655/
[rospy.registration][INFO] 2020-02-03 16:44:42,791: Registering with master node http://localhost:11311
[xmlrpc][INFO] 2020-02-03 16:44:42,792: xml rpc node: starting XML-RPC server
[rospy.init][INFO] 2020-02-03 16:44:42,891: registered with master
[rospy.rosout][INFO] 2020-02-03 16:44:42,892: initializing /rosout core topic
[rospy.rosout][INFO] 2020-02-03 16:44:42,896: connected to core topic /rosout
[rospy.simtime][INFO] 2020-02-03 16:44:42,898: initializing /clock core topic
[rospy.simtime][INFO] 2020-02-03 16:44:42,904: connected to core topic /clock
[rospy.core][INFO] 2020-02-03 16:44:43,103: signal_shutdown [atexit]
[rospy.impl.masterslave][INFO] 2020-02-03 16:44:43,110: atexit
[rospy.client][INFO] 2020-02-03 16:47:19,096: init_node, name[/ur_driver], pid[19139]
[xmlrpc][INFO] 2020-02-03 16:47:19,096: XML-RPC server binding to 0.0.0.0:0
[xmlrpc][INFO] 2020-02-03 16:47:19,096: Started XML-RPC server [http://rachel-private:38643/]
[rospy.init][INFO] 2020-02-03 16:47:19,096: ROS Slave URI: [http://rachel-private:38643/]
[rospy.impl.masterslave][INFO] 2020-02-03 16:47:19,096: _ready: http://rachel-private:38643/
[rospy.registration][INFO] 2020-02-03 16:47:19,097: Registering with master node http://localhost:11311
[xmlrpc][INFO] 2020-02-03 16:47:19,097: xml rpc node: starting XML-RPC server
[rospy.init][INFO] 2020-02-03 16:47:19,197: registered with master
[rospy.rosout][INFO] 2020-02-03 16:47:19,197: initializing /rosout core topic
[rospy.rosout][INFO] 2020-02-03 16:47:19,202: connected to core topic /rosout
[rospy.simtime][INFO] 2020-02-03 16:47:19,205: initializing /clock core topic
[rospy.simtime][INFO] 2020-02-03 16:47:19,210: connected to core topic /clock
[rospy.internal][INFO] 2020-02-03 16:47:19,322: topic[/clock] adding connection to [http://rachel-private:38643/], count 0
[rospy.internal][INFO] 2020-02-03 16:47:19,327: topic[/clock] adding connection to [/ur_driver], count 0
[rospy.internal][INFO] 2020-02-03 16:47:19,508: topic[/rosout] adding connection to [/rosout], count 0
[rospy.internal][INFO] 2020-02-03 16:47:19,509: topic[/joint_states] adding connection to [/robot_state_publisher], count 0
[rospy.internal][INFO] 2020-02-03 16:47:19,510: topic[/clock] adding connection to [/rosout], count 1
[rospy.internal][INFO] 2020-02-03 16:47:19,511: topic[/clock] adding connection to [/robot_state_publisher], count 2
[rospy.internal][INFO] 2020-02-03 16:47:32,728: topic[/clock] adding connection to [/rviz_rachel_private_19185_4434077606232603642], count 3
[rospy.internal][INFO] 2020-02-03 16:47:39,833: topic[/clock] removing connection to /rviz_rachel_private_19185_4434077606232603642
[rospy.internal][INFO] 2020-02-03 16:47:42,849: topic[/clock] adding connection to [/move_group], count 3
[rospy.internal][INFO] 2020-02-03 16:47:42,851: topic[/joint_states] adding connection to [/move_group], count 1
[rospy.internal][INFO] 2020-02-03 16:48:21,865: topic[/clock] removing connection to /move_group
[rospy.internal][INFO] 2020-02-03 16:48:21,866: topic[/joint_states] removing connection to /move_group
[rospy.internal][INFO] 2020-02-03 16:54:41,154: topic[/clock] adding connection to [/move_group], count 3
[rospy.internal][INFO] 2020-02-03 16:54:41,155: topic[/joint_states] adding connection to [/move_group], count 1
[rospy.internal][INFO] 2020-02-03 16:55:29,622: topic[/clock] removing connection to /robot_state_publisher
[rospy.internal][INFO] 2020-02-03 16:55:29,623: topic[/joint_states] removing connection to /robot_state_publisher
[rospy.internal][INFO] 2020-02-03 16:55:30,123: topic[/clock] removing connection to /rosout
[rospy.internal][INFO] 2020-02-03 16:55:30,124: topic[/rosout] removing connection to /rosout
[rospy.internal][INFO] 2020-02-03 16:55:30,625: topic[/clock] removing connection to /move_group
[rospy.internal][INFO] 2020-02-03 16:55:30,626: topic[/joint_states] removing connection to /move_group
[rospy.client][INFO] 2020-02-03 16:55:44,658: init_node, name[/ur_driver], pid[19625]
[xmlrpc][INFO] 2020-02-03 16:55:44,658: XML-RPC server binding to 0.0.0.0:0
[xmlrpc][INFO] 2020-02-03 16:55:44,659: Started XML-RPC server [http://rachel-private:41623/]
[rospy.init][INFO] 2020-02-03 16:55:44,659: ROS Slave URI: [http://rachel-private:41623/]
[rospy.impl.masterslave][INFO] 2020-02-03 16:55:44,659: _ready: http://rachel-private:41623/
[rospy.registration][INFO] 2020-02-03 16:55:44,659: Registering with master node http://localhost:11311
[xmlrpc][INFO] 2020-02-03 16:55:44,659: xml rpc node: starting XML-RPC server
[rospy.init][INFO] 2020-02-03 16:55:44,759: registered with master
[rospy.rosout][INFO] 2020-02-03 16:55:44,760: initializing /rosout core topic
[rospy.registration][ERROR] 2020-02-03 16:55:44,762: [Errno 111] Connection refused
Unable to register with master node [http://localhost:11311]: master may not be running yet. Will keep trying.
[rospy.rosout][INFO] 2020-02-03 16:55:57,217: connected to core topic /rosout
[rospy.simtime][INFO] 2020-02-03 16:55:57,218: initializing /clock core topic
[rospy.simtime][INFO] 2020-02-03 16:55:57,220: connected to core topic /clock
[rospy.internal][INFO] 2020-02-03 16:55:57,326: topic[/clock] adding connection to [http://rachel-private:41623/], count 0
[rospy.internal][INFO] 2020-02-03 16:55:57,328: topic[/clock] adding connection to [/ur_driver], count 0
[rospy.internal][INFO] 2020-02-03 16:55:57,522: topic[/rosout] adding connection to [/rosout], count 0
[rospy.internal][INFO] 2020-02-03 16:55:57,523: topic[/clock] adding connection to [/rosout], count 1
[rospy.internal][INFO] 2020-02-03 16:55:57,524: topic[/joint_states] adding connection to [/robot_state_publisher], count 0
[rospy.internal][INFO] 2020-02-03 16:55:57,525: topic[/clock] adding connection to [/robot_state_publisher], count 2
[rospy.internal][INFO] 2020-02-03 16:56:00,128: topic[/clock] adding connection to [/move_group], count 3
[rospy.internal][INFO] 2020-02-03 16:56:00,129: topic[/joint_states] adding connection to [/move_group], count 1
[rospy.internal][INFO] 2020-02-03 16:56:06,331: topic[/clock] removing connection to /move_group
[rospy.internal][INFO] 2020-02-03 16:56:06,332: topic[/joint_states] removing connection to /move_group
[rospy.client][INFO] 2020-02-04 08:35:32,192: init_node, name[/ur_driver], pid[2677]
[xmlrpc][INFO] 2020-02-04 08:35:32,193: XML-RPC server binding to 0.0.0.0:0
[rospy.init][INFO] 2020-02-04 08:35:32,193: ROS Slave URI: [http://rachel-private:44139/]
[xmlrpc][INFO] 2020-02-04 08:35:32,193: Started XML-RPC server [http://rachel-private:44139/]
[rospy.impl.masterslave][INFO] 2020-02-04 08:35:32,193: _ready: http://rachel-private:44139/
[xmlrpc][INFO] 2020-02-04 08:35:32,197: xml rpc node: starting XML-RPC server
[rospy.registration][INFO] 2020-02-04 08:35:32,198: Registering with master node http://localhost:11311
[rospy.init][INFO] 2020-02-04 08:35:32,293: registered with master
[rospy.rosout][INFO] 2020-02-04 08:35:32,294: initializing /rosout core topic
[rospy.registration][ERROR] 2020-02-04 08:35:32,296: [Errno 111] Connection refused
Unable to register with master node [http://localhost:11311]: master may not be running yet. Will keep trying.
